<?xml version="1.0" encoding="UTF-8"?>
<robot generator="Robot 5.0.1 (Python 3.10.6 on linux)" generated="20221115 15:07:26.586" rpa="false" schemaversion="3">
<suite id="s1" name="Homepage Test" source="/home/greeshma/Documents/omaposti_project/tests/homepage_test.robot">
<kw name="Open browser and goto URL" library="utilities" type="SETUP">
<kw name="Open Browser" library="SeleniumLibrary">
<arg>${URL}</arg>
<arg>${browser}</arg>
<doc>Opens a new browser instance to the optional ``url``.</doc>
<msg timestamp="20221115 15:07:28.890" level="INFO">Opening browser 'Chrome' to base url 'https://www.posti.fi/fi'.</msg>
<status status="PASS" starttime="20221115 15:07:28.889" endtime="20221115 15:08:40.650"/>
</kw>
<kw name="Maximize Browser Window" library="SeleniumLibrary">
<doc>Maximizes current browser window.</doc>
<status status="PASS" starttime="20221115 15:08:40.650" endtime="20221115 15:08:41.422"/>
</kw>
<kw name="Wait Until Element Is Visible" library="SeleniumLibrary">
<arg>id:onetrust-accept-btn-handler</arg>
<arg>10s</arg>
<doc>Waits until the element ``locator`` is visible.</doc>
<status status="PASS" starttime="20221115 15:08:41.422" endtime="20221115 15:08:44.204"/>
</kw>
<kw name="Click Element" library="SeleniumLibrary">
<arg>id:onetrust-accept-btn-handler</arg>
<doc>Click the element identified by ``locator``.</doc>
<msg timestamp="20221115 15:08:44.204" level="INFO">Clicking element 'id:onetrust-accept-btn-handler'.</msg>
<status status="PASS" starttime="20221115 15:08:44.204" endtime="20221115 15:08:45.879"/>
</kw>
<status status="PASS" starttime="20221115 15:07:28.889" endtime="20221115 15:08:45.879"/>
</kw>
<test id="s1-t1" name="Validate successful login into homepage" line="23">
<kw name="Select language" library="login_page">
<arg>EN</arg>
<kw name="Wait Until Element Is Visible" library="SeleniumLibrary">
<arg>${btn_language}</arg>
<arg>10s</arg>
<doc>Waits until the element ``locator`` is visible.</doc>
<status status="PASS" starttime="20221115 15:08:45.883" endtime="20221115 15:08:46.240"/>
</kw>
<kw name="Click Element" library="SeleniumLibrary">
<arg>${btn_language}</arg>
<doc>Click the element identified by ``locator``.</doc>
<msg timestamp="20221115 15:08:46.241" level="INFO">Clicking element '//button[@id="topbar-locale-dropdown"]/span'.</msg>
<status status="PASS" starttime="20221115 15:08:46.241" endtime="20221115 15:08:47.154"/>
</kw>
<kw name="Wait Until Element Is Visible" library="SeleniumLibrary">
<arg>id:${language}</arg>
<arg>5s</arg>
<doc>Waits until the element ``locator`` is visible.</doc>
<status status="PASS" starttime="20221115 15:08:47.154" endtime="20221115 15:08:47.424"/>
</kw>
<kw name="Click Element" library="SeleniumLibrary">
<arg>id:${language}</arg>
<doc>Click the element identified by ``locator``.</doc>
<msg timestamp="20221115 15:08:47.426" level="INFO">Clicking element 'id:EN'.</msg>
<status status="PASS" starttime="20221115 15:08:47.425" endtime="20221115 15:08:47.579"/>
</kw>
<status status="PASS" starttime="20221115 15:08:45.882" endtime="20221115 15:08:47.579"/>
</kw>
<kw name="Click login and Select Omaposti" library="login_page">
<kw name="Wait Until Element Is Visible" library="SeleniumLibrary">
<arg>${btn_login}</arg>
<arg>10s</arg>
<doc>Waits until the element ``locator`` is visible.</doc>
<status status="PASS" starttime="20221115 15:08:47.580" endtime="20221115 15:08:48.287"/>
</kw>
<kw name="Click Element" library="SeleniumLibrary">
<arg>${btn_login}</arg>
<doc>Click the element identified by ``locator``.</doc>
<msg timestamp="20221115 15:08:48.288" level="INFO">Clicking element '//button[@aria-label="Log in"]'.</msg>
<status status="PASS" starttime="20221115 15:08:48.288" endtime="20221115 15:08:48.412"/>
</kw>
<kw name="Wait Until Element Is Visible" library="SeleniumLibrary">
<arg>${lnk_omaposti}</arg>
<arg>5s</arg>
<doc>Waits until the element ``locator`` is visible.</doc>
<status status="PASS" starttime="20221115 15:08:48.413" endtime="20221115 15:08:48.458"/>
</kw>
<kw name="Click Element" library="SeleniumLibrary">
<arg>${lnk_omaposti}</arg>
<doc>Click the element identified by ``locator``.</doc>
<msg timestamp="20221115 15:08:48.459" level="INFO">Clicking element '//a[@aria-label="OmaPosti"]'.</msg>
<status status="PASS" starttime="20221115 15:08:48.458" endtime="20221115 15:08:51.562"/>
</kw>
<kw name="Page Should Contain Element" library="SeleniumLibrary">
<arg>${txt_loginpage}</arg>
<doc>Verifies that element ``locator`` is found on the current page.</doc>
<msg timestamp="20221115 15:08:51.576" level="INFO">Current page contains element '//h1[text()="Posti Online Services"]'.</msg>
<status status="PASS" starttime="20221115 15:08:51.562" endtime="20221115 15:08:51.577"/>
</kw>
<status status="PASS" starttime="20221115 15:08:47.580" endtime="20221115 15:08:51.577"/>
</kw>
<kw name="Enter email address and password" library="login_page">
<arg>${username}</arg>
<arg>${password}</arg>
<kw name="Set Log Level" library="BuiltIn">
<arg>NONE</arg>
<doc>Sets the log threshold to the specified level and returns the old level.</doc>
<status status="PASS" starttime="20221115 15:08:51.578" endtime="20221115 15:08:51.578"/>
</kw>
<kw name="Input Text" library="SeleniumLibrary">
<arg>id:username</arg>
<arg>${email}</arg>
<doc>Types the given ``text`` into the text field identified by ``locator``.</doc>
<status status="PASS" starttime="20221115 15:08:51.578" endtime="20221115 15:08:52.433"/>
</kw>
<kw name="Set Log Level" library="BuiltIn">
<arg>INFO</arg>
<doc>Sets the log threshold to the specified level and returns the old level.</doc>
<msg timestamp="20221115 15:08:52.434" level="INFO">Log level changed from NONE to INFO.</msg>
<status status="PASS" starttime="20221115 15:08:52.433" endtime="20221115 15:08:52.434"/>
</kw>
<kw name="Input Password" library="SeleniumLibrary">
<arg>id:password</arg>
<arg>${password}</arg>
<doc>Types the given password into the text field identified by ``locator``.</doc>
<msg timestamp="20221115 15:08:52.434" level="INFO">Typing password into text field 'id:password'.</msg>
<msg timestamp="20221115 15:08:52.498" level="INFO">Temporally setting log level to: NONE</msg>
<msg timestamp="20221115 15:08:52.580" level="INFO">Log level changed from NONE to INFO.</msg>
<status status="PASS" starttime="20221115 15:08:52.434" endtime="20221115 15:08:52.581"/>
</kw>
<kw name="Click Button" library="SeleniumLibrary">
<arg>${btn_loginpage_login}</arg>
<doc>Clicks the button identified by ``locator``.</doc>
<msg timestamp="20221115 15:08:52.582" level="INFO">Clicking button 'id:posti_login_btn'.</msg>
<status status="PASS" starttime="20221115 15:08:52.581" endtime="20221115 15:08:54.175"/>
</kw>
<status status="PASS" starttime="20221115 15:08:51.577" endtime="20221115 15:08:54.175"/>
</kw>
<kw name="Validate successful login" library="login_page">
<kw name="Wait Until Element Is Visible" library="SeleniumLibrary">
<arg>${txt_home}</arg>
<arg>10s</arg>
<doc>Waits until the element ``locator`` is visible.</doc>
<status status="PASS" starttime="20221115 15:08:54.176" endtime="20221115 15:08:56.555"/>
</kw>
<kw name="Page Should Contain Element" library="SeleniumLibrary">
<arg>${txt_home}</arg>
<doc>Verifies that element ``locator`` is found on the current page.</doc>
<msg timestamp="20221115 15:08:56.609" level="INFO">Current page contains element '//h3[text()="Home"]'.</msg>
<status status="PASS" starttime="20221115 15:08:56.555" endtime="20221115 15:08:56.609"/>
</kw>
<status status="PASS" starttime="20221115 15:08:54.175" endtime="20221115 15:08:56.609"/>
</kw>
<status status="PASS" starttime="20221115 15:08:45.880" endtime="20221115 15:08:56.609"/>
</test>
<test id="s1-t2" name="TC_01_Validate Filter for letters - only letters should be visible in the feed" line="29">
<kw name="Select document_type from the list" library="home_page">
<arg>letter</arg>
<kw name="Click Button" library="SeleniumLibrary">
<arg>//button[contains(@aria-label,"Show only")]</arg>
<doc>Clicks the button identified by ``locator``.</doc>
<msg timestamp="20221115 15:08:56.616" level="INFO">Clicking button '//button[contains(@aria-label,"Show only")]'.</msg>
<status status="PASS" starttime="20221115 15:08:56.614" endtime="20221115 15:08:57.440"/>
</kw>
<kw name="Log" library="BuiltIn">
<arg>${document_type}</arg>
<doc>Logs the given message with the given level.</doc>
<msg timestamp="20221115 15:08:57.441" level="INFO">letter</msg>
<status status="PASS" starttime="20221115 15:08:57.441" endtime="20221115 15:08:57.441"/>
</kw>
<kw name="Wait Until Element Is Visible" library="SeleniumLibrary">
<arg>//li[@value="${document_type}"]</arg>
<arg>5s</arg>
<doc>Waits until the element ``locator`` is visible.</doc>
<status status="PASS" starttime="20221115 15:08:57.442" endtime="20221115 15:08:57.501"/>
</kw>
<kw name="Click Element" library="SeleniumLibrary">
<arg>//li[@value="${document_type}"]</arg>
<doc>Click the element identified by ``locator``.</doc>
<msg timestamp="20221115 15:08:57.504" level="INFO">Clicking element '//li[@value="letter"]'.</msg>
<status status="PASS" starttime="20221115 15:08:57.502" endtime="20221115 15:08:57.664"/>
</kw>
<status status="PASS" starttime="20221115 15:08:56.612" endtime="20221115 15:08:57.664"/>
</kw>
<kw name="Count the number of inbox feeds and list the document type" library="home_page">
<kw name="Get Element Count" library="SeleniumLibrary">
<var>${count}</var>
<arg>(//button[contains(@class,"omaposti-core__sc") and @lang="en"])</arg>
<doc>Returns the number of elements matching ``locator``.</doc>
<msg timestamp="20221115 15:08:57.689" level="INFO">${count} = 1</msg>
<status status="PASS" starttime="20221115 15:08:57.665" endtime="20221115 15:08:57.689"/>
</kw>
<kw name="Create List" library="BuiltIn">
<var>@{list_feed}</var>
<doc>Returns a list containing given items.</doc>
<msg timestamp="20221115 15:08:57.690" level="INFO">@{list_feed} = [ ]</msg>
<status status="PASS" starttime="20221115 15:08:57.689" endtime="20221115 15:08:57.690"/>
</kw>
<for flavor="IN RANGE">
<var>${i}</var>
<value>1</value>
<value>${count}+1</value>
<iter>
<var name="${i}">1</var>
<kw name="Get Text" library="SeleniumLibrary">
<var>${document_type}</var>
<arg>(//div[contains(@class,"omaposti-core__sc")]/span[text()="Shipment" or text()="Letter" or text()="Invoice"])</arg>
<doc>Returns the text value of the element identified by ``locator``.</doc>
<msg timestamp="20221115 15:08:57.729" level="INFO">${document_type} = Letter</msg>
<status status="PASS" starttime="20221115 15:08:57.692" endtime="20221115 15:08:57.729"/>
</kw>
<kw name="Append To List" library="Collections">
<arg>${list_feed}</arg>
<arg>${document_type}</arg>
<doc>Adds ``values`` to the end of ``list``.</doc>
<status status="PASS" starttime="20221115 15:08:57.729" endtime="20221115 15:08:57.729"/>
</kw>
<status status="PASS" starttime="20221115 15:08:57.691" endtime="20221115 15:08:57.729"/>
</iter>
<status status="PASS" starttime="20221115 15:08:57.690" endtime="20221115 15:08:57.729"/>
</for>
<kw name="Log" library="BuiltIn">
<arg>${list_feed}</arg>
<doc>Logs the given message with the given level.</doc>
<msg timestamp="20221115 15:08:57.730" level="INFO">['Letter']</msg>
<status status="PASS" starttime="20221115 15:08:57.729" endtime="20221115 15:08:57.730"/>
</kw>
<kw name="Set Test Variable" library="BuiltIn">
<arg>${list_feed}</arg>
<doc>Makes a variable available everywhere within the scope of the current test.</doc>
<msg timestamp="20221115 15:08:57.730" level="INFO">${list_feed} = ['Letter']</msg>
<status status="PASS" starttime="20221115 15:08:57.730" endtime="20221115 15:08:57.730"/>
</kw>
<status status="PASS" starttime="20221115 15:08:57.664" endtime="20221115 15:08:57.731"/>
</kw>
<kw name="Validate list_feed contains only the filtered type - Letter" library="home_page">
<kw name="List Should Not Contain Value" library="Collections">
<arg>${list_feed}</arg>
<arg>Shipment</arg>
<doc>Fails if the ``value`` is found from ``list``.</doc>
<status status="PASS" starttime="20221115 15:08:57.731" endtime="20221115 15:08:57.732"/>
</kw>
<kw name="List Should Not Contain Value" library="Collections">
<arg>${list_feed}</arg>
<arg>Invoice</arg>
<doc>Fails if the ``value`` is found from ``list``.</doc>
<status status="PASS" starttime="20221115 15:08:57.732" endtime="20221115 15:08:57.732"/>
</kw>
<status status="PASS" starttime="20221115 15:08:57.731" endtime="20221115 15:08:57.732"/>
</kw>
<status status="PASS" starttime="20221115 15:08:56.610" endtime="20221115 15:08:57.732"/>
</test>
<test id="s1-t3" name="TC_02_Validate Filter for parcels - only parcel should be visible in the feed" line="35">
<kw name="Select document_type from the list" library="home_page">
<arg>parcel</arg>
<kw name="Click Button" library="SeleniumLibrary">
<arg>//button[contains(@aria-label,"Show only")]</arg>
<doc>Clicks the button identified by ``locator``.</doc>
<msg timestamp="20221115 15:08:57.735" level="INFO">Clicking button '//button[contains(@aria-label,"Show only")]'.</msg>
<status status="PASS" starttime="20221115 15:08:57.734" endtime="20221115 15:08:57.815"/>
</kw>
<kw name="Log" library="BuiltIn">
<arg>${document_type}</arg>
<doc>Logs the given message with the given level.</doc>
<msg timestamp="20221115 15:08:57.816" level="INFO">parcel</msg>
<status status="PASS" starttime="20221115 15:08:57.815" endtime="20221115 15:08:57.816"/>
</kw>
<kw name="Wait Until Element Is Visible" library="SeleniumLibrary">
<arg>//li[@value="${document_type}"]</arg>
<arg>5s</arg>
<doc>Waits until the element ``locator`` is visible.</doc>
<status status="PASS" starttime="20221115 15:08:57.816" endtime="20221115 15:08:57.849"/>
</kw>
<kw name="Click Element" library="SeleniumLibrary">
<arg>//li[@value="${document_type}"]</arg>
<doc>Click the element identified by ``locator``.</doc>
<msg timestamp="20221115 15:08:57.849" level="INFO">Clicking element '//li[@value="parcel"]'.</msg>
<status status="PASS" starttime="20221115 15:08:57.849" endtime="20221115 15:08:58.012"/>
</kw>
<status status="PASS" starttime="20221115 15:08:57.734" endtime="20221115 15:08:58.012"/>
</kw>
<kw name="Count the number of inbox feeds and list the document type" library="home_page">
<kw name="Get Element Count" library="SeleniumLibrary">
<var>${count}</var>
<arg>(//button[contains(@class,"omaposti-core__sc") and @lang="en"])</arg>
<doc>Returns the number of elements matching ``locator``.</doc>
<msg timestamp="20221115 15:08:58.065" level="INFO">${count} = 7</msg>
<status status="PASS" starttime="20221115 15:08:58.013" endtime="20221115 15:08:58.065"/>
</kw>
<kw name="Create List" library="BuiltIn">
<var>@{list_feed}</var>
<doc>Returns a list containing given items.</doc>
<msg timestamp="20221115 15:08:58.066" level="INFO">@{list_feed} = [ ]</msg>
<status status="PASS" starttime="20221115 15:08:58.065" endtime="20221115 15:08:58.066"/>
</kw>
<for flavor="IN RANGE">
<var>${i}</var>
<value>1</value>
<value>${count}+1</value>
<iter>
<var name="${i}">1</var>
<kw name="Get Text" library="SeleniumLibrary">
<var>${document_type}</var>
<arg>(//div[contains(@class,"omaposti-core__sc")]/span[text()="Shipment" or text()="Letter" or text()="Invoice"])</arg>
<doc>Returns the text value of the element identified by ``locator``.</doc>
<msg timestamp="20221115 15:08:58.134" level="INFO">${document_type} = Shipment</msg>
<status status="PASS" starttime="20221115 15:08:58.066" endtime="20221115 15:08:58.134"/>
</kw>
<kw name="Append To List" library="Collections">
<arg>${list_feed}</arg>
<arg>${document_type}</arg>
<doc>Adds ``values`` to the end of ``list``.</doc>
<status status="PASS" starttime="20221115 15:08:58.134" endtime="20221115 15:08:58.135"/>
</kw>
<status status="PASS" starttime="20221115 15:08:58.066" endtime="20221115 15:08:58.135"/>
</iter>
<iter>
<var name="${i}">2</var>
<kw name="Get Text" library="SeleniumLibrary">
<var>${document_type}</var>
<arg>(//div[contains(@class,"omaposti-core__sc")]/span[text()="Shipment" or text()="Letter" or text()="Invoice"])</arg>
<doc>Returns the text value of the element identified by ``locator``.</doc>
<msg timestamp="20221115 15:08:58.153" level="INFO">${document_type} = Shipment</msg>
<status status="PASS" starttime="20221115 15:08:58.136" endtime="20221115 15:08:58.153"/>
</kw>
<kw name="Append To List" library="Collections">
<arg>${list_feed}</arg>
<arg>${document_type}</arg>
<doc>Adds ``values`` to the end of ``list``.</doc>
<status status="PASS" starttime="20221115 15:08:58.153" endtime="20221115 15:08:58.154"/>
</kw>
<status status="PASS" starttime="20221115 15:08:58.136" endtime="20221115 15:08:58.154"/>
</iter>
<iter>
<var name="${i}">3</var>
<kw name="Get Text" library="SeleniumLibrary">
<var>${document_type}</var>
<arg>(//div[contains(@class,"omaposti-core__sc")]/span[text()="Shipment" or text()="Letter" or text()="Invoice"])</arg>
<doc>Returns the text value of the element identified by ``locator``.</doc>
<msg timestamp="20221115 15:08:58.171" level="INFO">${document_type} = Shipment</msg>
<status status="PASS" starttime="20221115 15:08:58.154" endtime="20221115 15:08:58.171"/>
</kw>
<kw name="Append To List" library="Collections">
<arg>${list_feed}</arg>
<arg>${document_type}</arg>
<doc>Adds ``values`` to the end of ``list``.</doc>
<status status="PASS" starttime="20221115 15:08:58.171" endtime="20221115 15:08:58.172"/>
</kw>
<status status="PASS" starttime="20221115 15:08:58.154" endtime="20221115 15:08:58.172"/>
</iter>
<iter>
<var name="${i}">4</var>
<kw name="Get Text" library="SeleniumLibrary">
<var>${document_type}</var>
<arg>(//div[contains(@class,"omaposti-core__sc")]/span[text()="Shipment" or text()="Letter" or text()="Invoice"])</arg>
<doc>Returns the text value of the element identified by ``locator``.</doc>
<msg timestamp="20221115 15:08:58.189" level="INFO">${document_type} = Shipment</msg>
<status status="PASS" starttime="20221115 15:08:58.172" endtime="20221115 15:08:58.189"/>
</kw>
<kw name="Append To List" library="Collections">
<arg>${list_feed}</arg>
<arg>${document_type}</arg>
<doc>Adds ``values`` to the end of ``list``.</doc>
<status status="PASS" starttime="20221115 15:08:58.189" endtime="20221115 15:08:58.189"/>
</kw>
<status status="PASS" starttime="20221115 15:08:58.172" endtime="20221115 15:08:58.189"/>
</iter>
<iter>
<var name="${i}">5</var>
<kw name="Get Text" library="SeleniumLibrary">
<var>${document_type}</var>
<arg>(//div[contains(@class,"omaposti-core__sc")]/span[text()="Shipment" or text()="Letter" or text()="Invoice"])</arg>
<doc>Returns the text value of the element identified by ``locator``.</doc>
<msg timestamp="20221115 15:08:58.214" level="INFO">${document_type} = Shipment</msg>
<status status="PASS" starttime="20221115 15:08:58.190" endtime="20221115 15:08:58.214"/>
</kw>
<kw name="Append To List" library="Collections">
<arg>${list_feed}</arg>
<arg>${document_type}</arg>
<doc>Adds ``values`` to the end of ``list``.</doc>
<status status="PASS" starttime="20221115 15:08:58.214" endtime="20221115 15:08:58.214"/>
</kw>
<status status="PASS" starttime="20221115 15:08:58.189" endtime="20221115 15:08:58.214"/>
</iter>
<iter>
<var name="${i}">6</var>
<kw name="Get Text" library="SeleniumLibrary">
<var>${document_type}</var>
<arg>(//div[contains(@class,"omaposti-core__sc")]/span[text()="Shipment" or text()="Letter" or text()="Invoice"])</arg>
<doc>Returns the text value of the element identified by ``locator``.</doc>
<msg timestamp="20221115 15:08:58.232" level="INFO">${document_type} = Shipment</msg>
<status status="PASS" starttime="20221115 15:08:58.215" endtime="20221115 15:08:58.232"/>
</kw>
<kw name="Append To List" library="Collections">
<arg>${list_feed}</arg>
<arg>${document_type}</arg>
<doc>Adds ``values`` to the end of ``list``.</doc>
<status status="PASS" starttime="20221115 15:08:58.232" endtime="20221115 15:08:58.232"/>
</kw>
<status status="PASS" starttime="20221115 15:08:58.215" endtime="20221115 15:08:58.232"/>
</iter>
<iter>
<var name="${i}">7</var>
<kw name="Get Text" library="SeleniumLibrary">
<var>${document_type}</var>
<arg>(//div[contains(@class,"omaposti-core__sc")]/span[text()="Shipment" or text()="Letter" or text()="Invoice"])</arg>
<doc>Returns the text value of the element identified by ``locator``.</doc>
<msg timestamp="20221115 15:08:58.253" level="INFO">${document_type} = Shipment</msg>
<status status="PASS" starttime="20221115 15:08:58.233" endtime="20221115 15:08:58.253"/>
</kw>
<kw name="Append To List" library="Collections">
<arg>${list_feed}</arg>
<arg>${document_type}</arg>
<doc>Adds ``values`` to the end of ``list``.</doc>
<status status="PASS" starttime="20221115 15:08:58.253" endtime="20221115 15:08:58.254"/>
</kw>
<status status="PASS" starttime="20221115 15:08:58.233" endtime="20221115 15:08:58.254"/>
</iter>
<status status="PASS" starttime="20221115 15:08:58.066" endtime="20221115 15:08:58.254"/>
</for>
<kw name="Log" library="BuiltIn">
<arg>${list_feed}</arg>
<doc>Logs the given message with the given level.</doc>
<msg timestamp="20221115 15:08:58.254" level="INFO">['Shipment', 'Shipment', 'Shipment', 'Shipment', 'Shipment', 'Shipment', 'Shipment']</msg>
<status status="PASS" starttime="20221115 15:08:58.254" endtime="20221115 15:08:58.254"/>
</kw>
<kw name="Set Test Variable" library="BuiltIn">
<arg>${list_feed}</arg>
<doc>Makes a variable available everywhere within the scope of the current test.</doc>
<msg timestamp="20221115 15:08:58.255" level="INFO">${list_feed} = ['Shipment', 'Shipment', 'Shipment', 'Shipment', 'Shipment', 'Shipment', 'Shipment']</msg>
<status status="PASS" starttime="20221115 15:08:58.254" endtime="20221115 15:08:58.255"/>
</kw>
<status status="PASS" starttime="20221115 15:08:58.013" endtime="20221115 15:08:58.255"/>
</kw>
<kw name="Validate list_feed contains only the filtered type - Shipment(parcel)" library="home_page">
<kw name="List Should Not Contain Value" library="Collections">
<arg>${list_feed}</arg>
<arg>Letter</arg>
<doc>Fails if the ``value`` is found from ``list``.</doc>
<status status="PASS" starttime="20221115 15:08:58.256" endtime="20221115 15:08:58.256"/>
</kw>
<kw name="List Should Not Contain Value" library="Collections">
<arg>${list_feed}</arg>
<arg>Invoice</arg>
<doc>Fails if the ``value`` is found from ``list``.</doc>
<status status="PASS" starttime="20221115 15:08:58.256" endtime="20221115 15:08:58.256"/>
</kw>
<status status="PASS" starttime="20221115 15:08:58.255" endtime="20221115 15:08:58.256"/>
</kw>
<status status="PASS" starttime="20221115 15:08:57.733" endtime="20221115 15:08:58.257"/>
</test>
<test id="s1-t4" name="TC_03_Validate Filter for invoice - only invoice should be visible in the feed" line="40">
<kw name="Select document_type from the list" library="home_page">
<arg>invoice</arg>
<kw name="Click Button" library="SeleniumLibrary">
<arg>//button[contains(@aria-label,"Show only")]</arg>
<doc>Clicks the button identified by ``locator``.</doc>
<msg timestamp="20221115 15:08:58.260" level="INFO">Clicking button '//button[contains(@aria-label,"Show only")]'.</msg>
<status status="PASS" starttime="20221115 15:08:58.259" endtime="20221115 15:08:58.346"/>
</kw>
<kw name="Log" library="BuiltIn">
<arg>${document_type}</arg>
<doc>Logs the given message with the given level.</doc>
<msg timestamp="20221115 15:08:58.347" level="INFO">invoice</msg>
<status status="PASS" starttime="20221115 15:08:58.346" endtime="20221115 15:08:58.347"/>
</kw>
<kw name="Wait Until Element Is Visible" library="SeleniumLibrary">
<arg>//li[@value="${document_type}"]</arg>
<arg>5s</arg>
<doc>Waits until the element ``locator`` is visible.</doc>
<status status="PASS" starttime="20221115 15:08:58.348" endtime="20221115 15:08:58.410"/>
</kw>
<kw name="Click Element" library="SeleniumLibrary">
<arg>//li[@value="${document_type}"]</arg>
<doc>Click the element identified by ``locator``.</doc>
<msg timestamp="20221115 15:08:58.415" level="INFO">Clicking element '//li[@value="invoice"]'.</msg>
<status status="PASS" starttime="20221115 15:08:58.411" endtime="20221115 15:08:58.621"/>
</kw>
<status status="PASS" starttime="20221115 15:08:58.259" endtime="20221115 15:08:58.622"/>
</kw>
<kw name="Count the number of inbox feeds and list the document type" library="home_page">
<kw name="Get Element Count" library="SeleniumLibrary">
<var>${count}</var>
<arg>(//button[contains(@class,"omaposti-core__sc") and @lang="en"])</arg>
<doc>Returns the number of elements matching ``locator``.</doc>
<msg timestamp="20221115 15:08:58.706" level="INFO">${count} = 0</msg>
<status status="PASS" starttime="20221115 15:08:58.623" endtime="20221115 15:08:58.706"/>
</kw>
<kw name="Create List" library="BuiltIn">
<var>@{list_feed}</var>
<doc>Returns a list containing given items.</doc>
<msg timestamp="20221115 15:08:58.707" level="INFO">@{list_feed} = [ ]</msg>
<status status="PASS" starttime="20221115 15:08:58.706" endtime="20221115 15:08:58.707"/>
</kw>
<for flavor="IN RANGE">
<var>${i}</var>
<value>1</value>
<value>${count}+1</value>
<iter>
<var name="${i}"/>
<kw name="Get Text" library="SeleniumLibrary">
<var>${document_type}</var>
<arg>(//div[contains(@class,"omaposti-core__sc")]/span[text()="Shipment" or text()="Letter" or text()="Invoice"])</arg>
<doc>Returns the text value of the element identified by ``locator``.</doc>
<status status="NOT RUN" starttime="20221115 15:08:58.707" endtime="20221115 15:08:58.707"/>
</kw>
<kw name="Append To List" library="Collections">
<arg>${list_feed}</arg>
<arg>${document_type}</arg>
<doc>Adds ``values`` to the end of ``list``.</doc>
<status status="NOT RUN" starttime="20221115 15:08:58.708" endtime="20221115 15:08:58.708"/>
</kw>
<status status="NOT RUN" starttime="20221115 15:08:58.707" endtime="20221115 15:08:58.708"/>
</iter>
<status status="NOT RUN" starttime="20221115 15:08:58.707" endtime="20221115 15:08:58.708"/>
</for>
<kw name="Log" library="BuiltIn">
<arg>${list_feed}</arg>
<doc>Logs the given message with the given level.</doc>
<msg timestamp="20221115 15:08:58.708" level="INFO">[]</msg>
<status status="PASS" starttime="20221115 15:08:58.708" endtime="20221115 15:08:58.708"/>
</kw>
<kw name="Set Test Variable" library="BuiltIn">
<arg>${list_feed}</arg>
<doc>Makes a variable available everywhere within the scope of the current test.</doc>
<msg timestamp="20221115 15:08:58.709" level="INFO">${list_feed} = []</msg>
<status status="PASS" starttime="20221115 15:08:58.708" endtime="20221115 15:08:58.709"/>
</kw>
<status status="PASS" starttime="20221115 15:08:58.622" endtime="20221115 15:08:58.709"/>
</kw>
<kw name="Validate list_feed contains only the filtered type - Invoice" library="home_page">
<kw name="List Should Not Contain Value" library="Collections">
<arg>${list_feed}</arg>
<arg>Shipment</arg>
<doc>Fails if the ``value`` is found from ``list``.</doc>
<status status="PASS" starttime="20221115 15:08:58.710" endtime="20221115 15:08:58.710"/>
</kw>
<kw name="List Should Not Contain Value" library="Collections">
<arg>${list_feed}</arg>
<arg>Letter</arg>
<doc>Fails if the ``value`` is found from ``list``.</doc>
<status status="PASS" starttime="20221115 15:08:58.710" endtime="20221115 15:08:58.710"/>
</kw>
<status status="PASS" starttime="20221115 15:08:58.709" endtime="20221115 15:08:58.711"/>
</kw>
<status status="PASS" starttime="20221115 15:08:58.258" endtime="20221115 15:08:58.711"/>
</test>
<test id="s1-t5" name="TC_04_Validate archive any product from Inbox and send those back to inbox from archives" line="45">
<kw name="Select document_type from the list" library="home_page">
<arg>all</arg>
<kw name="Click Button" library="SeleniumLibrary">
<arg>//button[contains(@aria-label,"Show only")]</arg>
<doc>Clicks the button identified by ``locator``.</doc>
<msg timestamp="20221115 15:08:58.715" level="INFO">Clicking button '//button[contains(@aria-label,"Show only")]'.</msg>
<status status="PASS" starttime="20221115 15:08:58.715" endtime="20221115 15:08:58.832"/>
</kw>
<kw name="Log" library="BuiltIn">
<arg>${document_type}</arg>
<doc>Logs the given message with the given level.</doc>
<msg timestamp="20221115 15:08:58.833" level="INFO">all</msg>
<status status="PASS" starttime="20221115 15:08:58.832" endtime="20221115 15:08:58.833"/>
</kw>
<kw name="Wait Until Element Is Visible" library="SeleniumLibrary">
<arg>//li[@value="${document_type}"]</arg>
<arg>5s</arg>
<doc>Waits until the element ``locator`` is visible.</doc>
<status status="PASS" starttime="20221115 15:08:58.833" endtime="20221115 15:08:58.906"/>
</kw>
<kw name="Click Element" library="SeleniumLibrary">
<arg>//li[@value="${document_type}"]</arg>
<doc>Click the element identified by ``locator``.</doc>
<msg timestamp="20221115 15:08:58.908" level="INFO">Clicking element '//li[@value="all"]'.</msg>
<status status="PASS" starttime="20221115 15:08:58.907" endtime="20221115 15:08:59.044"/>
</kw>
<status status="PASS" starttime="20221115 15:08:58.714" endtime="20221115 15:08:59.044"/>
</kw>
<kw name="Select a document from inbox and send it to archive" library="home_page">
<arg>${feed_id}</arg>
<kw name="Set Test Variable" library="BuiltIn">
<arg>${feed_id}</arg>
<doc>Makes a variable available everywhere within the scope of the current test.</doc>
<msg timestamp="20221115 15:08:59.047" level="INFO">${feed_id} = JJFI234567892</msg>
<status status="PASS" starttime="20221115 15:08:59.046" endtime="20221115 15:08:59.047"/>
</kw>
<kw name="Click Element" library="SeleniumLibrary">
<arg>//div[contains(@class,"omaposti-core__sc")] /span[text()="${feed_id}"]</arg>
<doc>Click the element identified by ``locator``.</doc>
<msg timestamp="20221115 15:08:59.049" level="INFO">Clicking element '//div[contains(@class,"omaposti-core__sc")] /span[text()="JJFI234567892"]'.</msg>
<status status="PASS" starttime="20221115 15:08:59.048" endtime="20221115 15:08:59.475"/>
</kw>
<kw name="Sleep" library="BuiltIn">
<arg>1s</arg>
<doc>Pauses the test executed for the given time.</doc>
<msg timestamp="20221115 15:09:00.494" level="INFO">Slept 1 second</msg>
<status status="PASS" starttime="20221115 15:08:59.475" endtime="20221115 15:09:00.494"/>
</kw>
<kw name="Click Element" library="SeleniumLibrary">
<arg>//div[contains(@class,"omaposti-core__sc")] /span[text()="${feed_id}"]</arg>
<doc>Click the element identified by ``locator``.</doc>
<msg timestamp="20221115 15:09:00.495" level="INFO">Clicking element '//div[contains(@class,"omaposti-core__sc")] /span[text()="JJFI234567892"]'.</msg>
<status status="PASS" starttime="20221115 15:09:00.494" endtime="20221115 15:09:00.651"/>
</kw>
<kw name="Wait Until Element Is Visible" library="SeleniumLibrary">
<arg>(//button[@aria-haspopup='listbox'])[2]</arg>
<doc>Waits until the element ``locator`` is visible.</doc>
<status status="PASS" starttime="20221115 15:09:00.652" endtime="20221115 15:09:00.896"/>
</kw>
<kw name="Click Element" library="SeleniumLibrary">
<arg>(//button[@aria-haspopup='listbox'])[2]</arg>
<doc>Click the element identified by ``locator``.</doc>
<msg timestamp="20221115 15:09:00.897" level="INFO">Clicking element '(//button[@aria-haspopup='listbox'])[2]'.</msg>
<status status="PASS" starttime="20221115 15:09:00.896" endtime="20221115 15:09:00.969"/>
</kw>
<kw name="Wait Until Element Is Visible" library="SeleniumLibrary">
<arg>//p[text()="Archive"]</arg>
<doc>Waits until the element ``locator`` is visible.</doc>
<status status="PASS" starttime="20221115 15:09:00.970" endtime="20221115 15:09:01.218"/>
</kw>
<kw name="Click Element" library="SeleniumLibrary">
<arg>//p[text()="Archive"]</arg>
<doc>Click the element identified by ``locator``.</doc>
<msg timestamp="20221115 15:09:01.219" level="INFO">Clicking element '//p[text()="Archive"]'.</msg>
<status status="PASS" starttime="20221115 15:09:01.218" endtime="20221115 15:09:01.300"/>
</kw>
<kw name="Wait Until Element Is Not Visible" library="SeleniumLibrary">
<arg>//div[contains(@class,"omaposti-core__sc")] /span[text()="${feed_id}"]</arg>
<arg>5s</arg>
<doc>Waits until the element ``locator`` is not visible.</doc>
<status status="PASS" starttime="20221115 15:09:01.300" endtime="20221115 15:09:02.122"/>
</kw>
<kw name="Element Should Not Be Visible" library="SeleniumLibrary">
<arg>//div[contains(@class,"omaposti-core__sc")] /span[text()="${feed_id}"]</arg>
<doc>Verifies that the element identified by ``locator`` is NOT visible.</doc>
<msg timestamp="20221115 15:09:02.131" level="INFO">Element '//div[contains(@class,"omaposti-core__sc")] /span[text()="JJFI234567892"]' did not exist.</msg>
<status status="PASS" starttime="20221115 15:09:02.122" endtime="20221115 15:09:02.131"/>
</kw>
<status status="PASS" starttime="20221115 15:08:59.045" endtime="20221115 15:09:02.132"/>
</kw>
<kw name="Select a document from archive and send it back to inbox" library="home_page">
<arg>${feed_id}</arg>
<kw name="Click Element" library="SeleniumLibrary">
<arg>//div[text()="Archive"]</arg>
<doc>Click the element identified by ``locator``.</doc>
<msg timestamp="20221115 15:09:02.133" level="INFO">Clicking element '//div[text()="Archive"]'.</msg>
<status status="PASS" starttime="20221115 15:09:02.133" endtime="20221115 15:09:02.484"/>
</kw>
<kw name="Wait Until Element Is Visible" library="SeleniumLibrary">
<arg>//button[contains(@id,"${feed_id}")]</arg>
<doc>Waits until the element ``locator`` is visible.</doc>
<status status="PASS" starttime="20221115 15:09:02.484" endtime="20221115 15:09:02.822"/>
</kw>
<kw name="Click Element" library="SeleniumLibrary">
<arg>//button[contains(@id,"${feed_id}")]</arg>
<doc>Click the element identified by ``locator``.</doc>
<msg timestamp="20221115 15:09:02.823" level="INFO">Clicking element '//button[contains(@id,"JJFI234567892")]'.</msg>
<status status="PASS" starttime="20221115 15:09:02.822" endtime="20221115 15:09:02.946"/>
</kw>
<kw name="Sleep" library="BuiltIn">
<arg>1s</arg>
<doc>Pauses the test executed for the given time.</doc>
<msg timestamp="20221115 15:09:03.946" level="INFO">Slept 1 second</msg>
<status status="PASS" starttime="20221115 15:09:02.946" endtime="20221115 15:09:03.946"/>
</kw>
<kw name="Click Element" library="SeleniumLibrary">
<arg>//button[contains(@id,"${feed_id}")]</arg>
<doc>Click the element identified by ``locator``.</doc>
<msg timestamp="20221115 15:09:03.947" level="INFO">Clicking element '//button[contains(@id,"JJFI234567892")]'.</msg>
<status status="PASS" starttime="20221115 15:09:03.947" endtime="20221115 15:09:04.085"/>
</kw>
<kw name="Wait Until Element Is Visible" library="SeleniumLibrary">
<arg>(//button[@aria-haspopup='listbox'])[2]</arg>
<doc>Waits until the element ``locator`` is visible.</doc>
<status status="PASS" starttime="20221115 15:09:04.086" endtime="20221115 15:09:04.128"/>
</kw>
<kw name="Click Element" library="SeleniumLibrary">
<arg>(//button[@aria-haspopup='listbox'])[2]</arg>
<doc>Click the element identified by ``locator``.</doc>
<msg timestamp="20221115 15:09:04.129" level="INFO">Clicking element '(//button[@aria-haspopup='listbox'])[2]'.</msg>
<status status="PASS" starttime="20221115 15:09:04.128" endtime="20221115 15:09:04.230"/>
</kw>
<kw name="Wait Until Element Is Visible" library="SeleniumLibrary">
<arg>//p[text()="Move to inbox"]</arg>
<doc>Waits until the element ``locator`` is visible.</doc>
<status status="PASS" starttime="20221115 15:09:04.231" endtime="20221115 15:09:04.525"/>
</kw>
<kw name="Click Element" library="SeleniumLibrary">
<arg>//p[text()="Move to inbox"]</arg>
<doc>Click the element identified by ``locator``.</doc>
<msg timestamp="20221115 15:09:04.526" level="INFO">Clicking element '//p[text()="Move to inbox"]'.</msg>
<status status="PASS" starttime="20221115 15:09:04.526" endtime="20221115 15:09:04.675"/>
</kw>
<kw name="Sleep" library="BuiltIn">
<arg>5s</arg>
<doc>Pauses the test executed for the given time.</doc>
<msg timestamp="20221115 15:09:09.678" level="INFO">Slept 5 seconds</msg>
<status status="PASS" starttime="20221115 15:09:04.675" endtime="20221115 15:09:09.678"/>
</kw>
<kw name="Click Element" library="SeleniumLibrary">
<arg>id:label-mainMenuInbox</arg>
<doc>Click the element identified by ``locator``.</doc>
<msg timestamp="20221115 15:09:09.679" level="INFO">Clicking element 'id:label-mainMenuInbox'.</msg>
<status status="PASS" starttime="20221115 15:09:09.679" endtime="20221115 15:09:09.961"/>
</kw>
<status status="PASS" starttime="20221115 15:09:02.132" endtime="20221115 15:09:09.961"/>
</kw>
<kw name="Validate the items sent to archive and sent back to inbox from archives is same" library="home_page">
<kw name="Wait Until Element Is Visible" library="SeleniumLibrary">
<arg>//div[contains(@class,"omaposti-core__sc")] /span[text()="${feed_id}"]</arg>
<arg>5s</arg>
<doc>Waits until the element ``locator`` is visible.</doc>
<status status="PASS" starttime="20221115 15:09:09.966" endtime="20221115 15:09:10.286"/>
</kw>
<kw name="Element Should Be Visible" library="SeleniumLibrary">
<arg>//div[contains(@class,"omaposti-core__sc")] /span[text()="${feed_id}"]</arg>
<doc>Verifies that the element identified by ``locator`` is visible.</doc>
<msg timestamp="20221115 15:09:10.305" level="INFO">Element '//div[contains(@class,"omaposti-core__sc")] /span[text()="JJFI234567892"]' is displayed.</msg>
<status status="PASS" starttime="20221115 15:09:10.286" endtime="20221115 15:09:10.305"/>
</kw>
<status status="PASS" starttime="20221115 15:09:09.962" endtime="20221115 15:09:10.305"/>
</kw>
<status status="PASS" starttime="20221115 15:08:58.712" endtime="20221115 15:09:10.305"/>
</test>
<test id="s1-t6" name="TC_09_User should be able to access Archive folder and send items back to inbox" line="51">
<kw name="Run Keywords" library="BuiltIn" type="SETUP">
<arg>Select document_type from the list</arg>
<arg>all</arg>
<arg>AND</arg>
<arg>Select a document from inbox and send it to archive</arg>
<arg>${feed_id}</arg>
<doc>Executes all the given keywords in a sequence.</doc>
<kw name="Select document_type from the list" library="home_page">
<arg>all</arg>
<kw name="Click Button" library="SeleniumLibrary">
<arg>//button[contains(@aria-label,"Show only")]</arg>
<doc>Clicks the button identified by ``locator``.</doc>
<msg timestamp="20221115 15:09:10.309" level="INFO">Clicking button '//button[contains(@aria-label,"Show only")]'.</msg>
<status status="PASS" starttime="20221115 15:09:10.309" endtime="20221115 15:09:10.504"/>
</kw>
<kw name="Log" library="BuiltIn">
<arg>${document_type}</arg>
<doc>Logs the given message with the given level.</doc>
<msg timestamp="20221115 15:09:10.505" level="INFO">all</msg>
<status status="PASS" starttime="20221115 15:09:10.504" endtime="20221115 15:09:10.505"/>
</kw>
<kw name="Wait Until Element Is Visible" library="SeleniumLibrary">
<arg>//li[@value="${document_type}"]</arg>
<arg>5s</arg>
<doc>Waits until the element ``locator`` is visible.</doc>
<status status="PASS" starttime="20221115 15:09:10.505" endtime="20221115 15:09:10.536"/>
</kw>
<kw name="Click Element" library="SeleniumLibrary">
<arg>//li[@value="${document_type}"]</arg>
<doc>Click the element identified by ``locator``.</doc>
<msg timestamp="20221115 15:09:10.537" level="INFO">Clicking element '//li[@value="all"]'.</msg>
<status status="PASS" starttime="20221115 15:09:10.536" endtime="20221115 15:09:10.659"/>
</kw>
<status status="PASS" starttime="20221115 15:09:10.308" endtime="20221115 15:09:10.660"/>
</kw>
<kw name="Select a document from inbox and send it to archive" library="home_page">
<arg>${feed_id}</arg>
<kw name="Set Test Variable" library="BuiltIn">
<arg>${feed_id}</arg>
<doc>Makes a variable available everywhere within the scope of the current test.</doc>
<msg timestamp="20221115 15:09:10.661" level="INFO">${feed_id} = JJFI234567892</msg>
<status status="PASS" starttime="20221115 15:09:10.660" endtime="20221115 15:09:10.661"/>
</kw>
<kw name="Click Element" library="SeleniumLibrary">
<arg>//div[contains(@class,"omaposti-core__sc")] /span[text()="${feed_id}"]</arg>
<doc>Click the element identified by ``locator``.</doc>
<msg timestamp="20221115 15:09:10.661" level="INFO">Clicking element '//div[contains(@class,"omaposti-core__sc")] /span[text()="JJFI234567892"]'.</msg>
<status status="PASS" starttime="20221115 15:09:10.661" endtime="20221115 15:09:11.005"/>
</kw>
<kw name="Sleep" library="BuiltIn">
<arg>1s</arg>
<doc>Pauses the test executed for the given time.</doc>
<msg timestamp="20221115 15:09:12.006" level="INFO">Slept 1 second</msg>
<status status="PASS" starttime="20221115 15:09:11.005" endtime="20221115 15:09:12.006"/>
</kw>
<kw name="Click Element" library="SeleniumLibrary">
<arg>//div[contains(@class,"omaposti-core__sc")] /span[text()="${feed_id}"]</arg>
<doc>Click the element identified by ``locator``.</doc>
<msg timestamp="20221115 15:09:12.006" level="INFO">Clicking element '//div[contains(@class,"omaposti-core__sc")] /span[text()="JJFI234567892"]'.</msg>
<status status="PASS" starttime="20221115 15:09:12.006" endtime="20221115 15:09:12.071"/>
</kw>
<kw name="Wait Until Element Is Visible" library="SeleniumLibrary">
<arg>(//button[@aria-haspopup='listbox'])[2]</arg>
<doc>Waits until the element ``locator`` is visible.</doc>
<status status="PASS" starttime="20221115 15:09:12.072" endtime="20221115 15:09:12.100"/>
</kw>
<kw name="Click Element" library="SeleniumLibrary">
<arg>(//button[@aria-haspopup='listbox'])[2]</arg>
<doc>Click the element identified by ``locator``.</doc>
<msg timestamp="20221115 15:09:12.101" level="INFO">Clicking element '(//button[@aria-haspopup='listbox'])[2]'.</msg>
<status status="PASS" starttime="20221115 15:09:12.100" endtime="20221115 15:09:12.174"/>
</kw>
<kw name="Wait Until Element Is Visible" library="SeleniumLibrary">
<arg>//p[text()="Archive"]</arg>
<doc>Waits until the element ``locator`` is visible.</doc>
<status status="PASS" starttime="20221115 15:09:12.175" endtime="20221115 15:09:12.449"/>
</kw>
<kw name="Click Element" library="SeleniumLibrary">
<arg>//p[text()="Archive"]</arg>
<doc>Click the element identified by ``locator``.</doc>
<msg timestamp="20221115 15:09:12.451" level="INFO">Clicking element '//p[text()="Archive"]'.</msg>
<status status="PASS" starttime="20221115 15:09:12.450" endtime="20221115 15:09:12.576"/>
</kw>
<kw name="Wait Until Element Is Not Visible" library="SeleniumLibrary">
<arg>//div[contains(@class,"omaposti-core__sc")] /span[text()="${feed_id}"]</arg>
<arg>5s</arg>
<doc>Waits until the element ``locator`` is not visible.</doc>
<status status="PASS" starttime="20221115 15:09:12.576" endtime="20221115 15:09:13.322"/>
</kw>
<kw name="Element Should Not Be Visible" library="SeleniumLibrary">
<arg>//div[contains(@class,"omaposti-core__sc")] /span[text()="${feed_id}"]</arg>
<doc>Verifies that the element identified by ``locator`` is NOT visible.</doc>
<msg timestamp="20221115 15:09:13.333" level="INFO">Element '//div[contains(@class,"omaposti-core__sc")] /span[text()="JJFI234567892"]' did not exist.</msg>
<status status="PASS" starttime="20221115 15:09:13.322" endtime="20221115 15:09:13.333"/>
</kw>
<status status="PASS" starttime="20221115 15:09:10.660" endtime="20221115 15:09:13.334"/>
</kw>
<status status="PASS" starttime="20221115 15:09:10.307" endtime="20221115 15:09:13.334"/>
</kw>
<kw name="Select a document from archive and send it back to inbox" library="home_page">
<arg>${feed_id}</arg>
<kw name="Click Element" library="SeleniumLibrary">
<arg>//div[text()="Archive"]</arg>
<doc>Click the element identified by ``locator``.</doc>
<msg timestamp="20221115 15:09:13.335" level="INFO">Clicking element '//div[text()="Archive"]'.</msg>
<status status="PASS" starttime="20221115 15:09:13.335" endtime="20221115 15:09:13.523"/>
</kw>
<kw name="Wait Until Element Is Visible" library="SeleniumLibrary">
<arg>//button[contains(@id,"${feed_id}")]</arg>
<doc>Waits until the element ``locator`` is visible.</doc>
<status status="PASS" starttime="20221115 15:09:13.523" endtime="20221115 15:09:13.791"/>
</kw>
<kw name="Click Element" library="SeleniumLibrary">
<arg>//button[contains(@id,"${feed_id}")]</arg>
<doc>Click the element identified by ``locator``.</doc>
<msg timestamp="20221115 15:09:13.791" level="INFO">Clicking element '//button[contains(@id,"JJFI234567892")]'.</msg>
<status status="PASS" starttime="20221115 15:09:13.791" endtime="20221115 15:09:13.906"/>
</kw>
<kw name="Sleep" library="BuiltIn">
<arg>1s</arg>
<doc>Pauses the test executed for the given time.</doc>
<msg timestamp="20221115 15:09:14.907" level="INFO">Slept 1 second</msg>
<status status="PASS" starttime="20221115 15:09:13.906" endtime="20221115 15:09:14.907"/>
</kw>
<kw name="Click Element" library="SeleniumLibrary">
<arg>//button[contains(@id,"${feed_id}")]</arg>
<doc>Click the element identified by ``locator``.</doc>
<msg timestamp="20221115 15:09:14.908" level="INFO">Clicking element '//button[contains(@id,"JJFI234567892")]'.</msg>
<status status="PASS" starttime="20221115 15:09:14.907" endtime="20221115 15:09:14.973"/>
</kw>
<kw name="Wait Until Element Is Visible" library="SeleniumLibrary">
<arg>(//button[@aria-haspopup='listbox'])[2]</arg>
<doc>Waits until the element ``locator`` is visible.</doc>
<status status="PASS" starttime="20221115 15:09:14.974" endtime="20221115 15:09:14.997"/>
</kw>
<kw name="Click Element" library="SeleniumLibrary">
<arg>(//button[@aria-haspopup='listbox'])[2]</arg>
<doc>Click the element identified by ``locator``.</doc>
<msg timestamp="20221115 15:09:14.997" level="INFO">Clicking element '(//button[@aria-haspopup='listbox'])[2]'.</msg>
<status status="PASS" starttime="20221115 15:09:14.997" endtime="20221115 15:09:15.056"/>
</kw>
<kw name="Wait Until Element Is Visible" library="SeleniumLibrary">
<arg>//p[text()="Move to inbox"]</arg>
<doc>Waits until the element ``locator`` is visible.</doc>
<status status="PASS" starttime="20221115 15:09:15.056" endtime="20221115 15:09:15.327"/>
</kw>
<kw name="Click Element" library="SeleniumLibrary">
<arg>//p[text()="Move to inbox"]</arg>
<doc>Click the element identified by ``locator``.</doc>
<msg timestamp="20221115 15:09:15.328" level="INFO">Clicking element '//p[text()="Move to inbox"]'.</msg>
<status status="PASS" starttime="20221115 15:09:15.327" endtime="20221115 15:09:15.430"/>
</kw>
<kw name="Sleep" library="BuiltIn">
<arg>5s</arg>
<doc>Pauses the test executed for the given time.</doc>
<msg timestamp="20221115 15:09:20.432" level="INFO">Slept 5 seconds</msg>
<status status="PASS" starttime="20221115 15:09:15.431" endtime="20221115 15:09:20.432"/>
</kw>
<kw name="Click Element" library="SeleniumLibrary">
<arg>id:label-mainMenuInbox</arg>
<doc>Click the element identified by ``locator``.</doc>
<msg timestamp="20221115 15:09:20.434" level="INFO">Clicking element 'id:label-mainMenuInbox'.</msg>
<status status="PASS" starttime="20221115 15:09:20.433" endtime="20221115 15:09:20.662"/>
</kw>
<status status="PASS" starttime="20221115 15:09:13.334" endtime="20221115 15:09:20.663"/>
</kw>
<kw name="Validate the items sent to archive and sent back to inbox from archives is same" library="home_page">
<kw name="Wait Until Element Is Visible" library="SeleniumLibrary">
<arg>//div[contains(@class,"omaposti-core__sc")] /span[text()="${feed_id}"]</arg>
<arg>5s</arg>
<doc>Waits until the element ``locator`` is visible.</doc>
<status status="PASS" starttime="20221115 15:09:20.666" endtime="20221115 15:09:20.984"/>
</kw>
<kw name="Element Should Be Visible" library="SeleniumLibrary">
<arg>//div[contains(@class,"omaposti-core__sc")] /span[text()="${feed_id}"]</arg>
<doc>Verifies that the element identified by ``locator`` is visible.</doc>
<msg timestamp="20221115 15:09:21.003" level="INFO">Element '//div[contains(@class,"omaposti-core__sc")] /span[text()="JJFI234567892"]' is displayed.</msg>
<status status="PASS" starttime="20221115 15:09:20.984" endtime="20221115 15:09:21.003"/>
</kw>
<status status="PASS" starttime="20221115 15:09:20.665" endtime="20221115 15:09:21.003"/>
</kw>
<status status="PASS" starttime="20221115 15:09:10.306" endtime="20221115 15:09:21.004"/>
</test>
<test id="s1-t7" name="TC_05_Validate Click on track to add JJFI234567893 to the tracking and it should be immediately visible on feed" line="57">
<kw name="Click on track and enter shipment_id" library="home_page">
<arg>${shipment_id}</arg>
<kw name="Click Element" library="SeleniumLibrary">
<arg>//button[@aria-label="Track item"]</arg>
<doc>Click the element identified by ``locator``.</doc>
<msg timestamp="20221115 15:09:21.008" level="INFO">Clicking element '//button[@aria-label="Track item"]'.</msg>
<status status="PASS" starttime="20221115 15:09:21.007" endtime="20221115 15:09:21.213"/>
</kw>
<kw name="Wait Until Element Is Visible" library="SeleniumLibrary">
<arg>id:add-parcel-tracking-code</arg>
<arg>5s</arg>
<doc>Waits until the element ``locator`` is visible.</doc>
<status status="PASS" starttime="20221115 15:09:21.214" endtime="20221115 15:09:21.493"/>
</kw>
<kw name="Input Text" library="SeleniumLibrary">
<arg>id:add-parcel-tracking-code</arg>
<arg>${shipment_id}</arg>
<doc>Types the given ``text`` into the text field identified by ``locator``.</doc>
<msg timestamp="20221115 15:09:21.493" level="INFO">Typing text 'JJFI234567898' into text field 'id:add-parcel-tracking-code'.</msg>
<status status="PASS" starttime="20221115 15:09:21.493" endtime="20221115 15:09:21.911"/>
</kw>
<kw name="Click Element" library="SeleniumLibrary">
<arg>//button/span/span[text()="Track item"]</arg>
<doc>Click the element identified by ``locator``.</doc>
<msg timestamp="20221115 15:09:21.911" level="INFO">Clicking element '//button/span/span[text()="Track item"]'.</msg>
<status status="PASS" starttime="20221115 15:09:21.911" endtime="20221115 15:09:22.096"/>
</kw>
<status status="PASS" starttime="20221115 15:09:21.006" endtime="20221115 15:09:22.096"/>
</kw>
<kw name="Validate addition of shipment_id in feed" library="home_page">
<arg>${shipment_id}</arg>
<kw name="Wait Until Element Is Visible" library="SeleniumLibrary">
<arg>//div[contains(@class,"omaposti-core__sc")] /span[text()="${shipment_id}"]</arg>
<arg>5s</arg>
<doc>Waits until the element ``locator`` is visible.</doc>
<status status="PASS" starttime="20221115 15:09:22.098" endtime="20221115 15:09:22.787"/>
</kw>
<kw name="Element Should Be Visible" library="SeleniumLibrary">
<arg>//div[contains(@class,"omaposti-core__sc")] /span[text()="${shipment_id}"]</arg>
<doc>Verifies that the element identified by ``locator`` is visible.</doc>
<msg timestamp="20221115 15:09:22.856" level="INFO">Element '//div[contains(@class,"omaposti-core__sc")] /span[text()="JJFI234567898"]' is displayed.</msg>
<status status="PASS" starttime="20221115 15:09:22.788" endtime="20221115 15:09:22.856"/>
</kw>
<status status="PASS" starttime="20221115 15:09:22.097" endtime="20221115 15:09:22.856"/>
</kw>
<status status="PASS" starttime="20221115 15:09:21.005" endtime="20221115 15:09:22.857"/>
</test>
<test id="s1-t8" name="TC_06_Deleted shipment Letters or Invoices should not be visible and retrievable" line="62">
<kw name="Select document from feed and delete the document" library="home_page">
<arg>${shipment_id}</arg>
<kw name="Click Element" library="SeleniumLibrary">
<arg>//div[contains(@class,"omaposti-core__sc")] /span[text()="${feed_id}"]</arg>
<doc>Click the element identified by ``locator``.</doc>
<msg timestamp="20221115 15:09:22.862" level="INFO">Clicking element '//div[contains(@class,"omaposti-core__sc")] /span[text()="JJFI234567898"]'.</msg>
<status status="PASS" starttime="20221115 15:09:22.861" endtime="20221115 15:09:23.344"/>
</kw>
<kw name="Wait Until Element Is Visible" library="SeleniumLibrary">
<arg>(//button[@aria-haspopup='listbox'])[2]</arg>
<doc>Waits until the element ``locator`` is visible.</doc>
<status status="PASS" starttime="20221115 15:09:23.344" endtime="20221115 15:09:23.442"/>
</kw>
<kw name="Click Element" library="SeleniumLibrary">
<arg>(//button[@aria-haspopup='listbox'])[2]</arg>
<doc>Click the element identified by ``locator``.</doc>
<msg timestamp="20221115 15:09:23.442" level="INFO">Clicking element '(//button[@aria-haspopup='listbox'])[2]'.</msg>
<status status="PASS" starttime="20221115 15:09:23.442" endtime="20221115 15:09:23.513"/>
</kw>
<kw name="Wait Until Element Is Visible" library="SeleniumLibrary">
<arg>//p[text()="Delete"]</arg>
<doc>Waits until the element ``locator`` is visible.</doc>
<status status="PASS" starttime="20221115 15:09:23.513" endtime="20221115 15:09:23.790"/>
</kw>
<kw name="Click Element" library="SeleniumLibrary">
<arg>//p[text()="Delete"]</arg>
<doc>Click the element identified by ``locator``.</doc>
<msg timestamp="20221115 15:09:23.790" level="INFO">Clicking element '//p[text()="Delete"]'.</msg>
<status status="PASS" starttime="20221115 15:09:23.790" endtime="20221115 15:09:23.944"/>
</kw>
<kw name="Wait Until Element Is Visible" library="SeleniumLibrary">
<arg>id:delete-button</arg>
<arg>5s</arg>
<doc>Waits until the element ``locator`` is visible.</doc>
<status status="PASS" starttime="20221115 15:09:23.944" endtime="20221115 15:09:23.978"/>
</kw>
<kw name="Click Element" library="SeleniumLibrary">
<arg>id:delete-button</arg>
<doc>Click the element identified by ``locator``.</doc>
<msg timestamp="20221115 15:09:23.978" level="INFO">Clicking element 'id:delete-button'.</msg>
<status status="PASS" starttime="20221115 15:09:23.978" endtime="20221115 15:09:24.077"/>
</kw>
<status status="PASS" starttime="20221115 15:09:22.860" endtime="20221115 15:09:24.077"/>
</kw>
<kw name="Validate deleted shipment_id is not visible in feed" library="home_page">
<arg>${shipment_id}</arg>
<kw name="Wait Until Element Is Not Visible" library="SeleniumLibrary">
<arg>//div[contains(@class,"omaposti-core__sc")] /span[text()="${deleted_id}"]</arg>
<arg>5s</arg>
<doc>Waits until the element ``locator`` is not visible.</doc>
<status status="PASS" starttime="20221115 15:09:24.078" endtime="20221115 15:09:24.623"/>
</kw>
<kw name="Element Should Not Be Visible" library="SeleniumLibrary">
<arg>//div[contains(@class,"omaposti-core__sc")] /span[text()="${deleted_id}"]</arg>
<doc>Verifies that the element identified by ``locator`` is NOT visible.</doc>
<msg timestamp="20221115 15:09:24.642" level="INFO">Element '//div[contains(@class,"omaposti-core__sc")] /span[text()="JJFI234567898"]' did not exist.</msg>
<status status="PASS" starttime="20221115 15:09:24.623" endtime="20221115 15:09:24.642"/>
</kw>
<status status="PASS" starttime="20221115 15:09:24.077" endtime="20221115 15:09:24.642"/>
</kw>
<status status="PASS" starttime="20221115 15:09:22.858" endtime="20221115 15:09:24.642"/>
</test>
<test id="s1-t9" name="TC_08_User should be able to edit multiple items using edit option and selecting the item to be edited" line="66">
<kw name="Select multiple items using edit and Send selected items to archive" library="home_page">
<arg>${item_id_1}</arg>
<arg>${item_id_2}</arg>
<kw name="Wait Until Element Is Visible" library="SeleniumLibrary">
<arg>id:feedHeaderEditButton</arg>
<arg>5s</arg>
<doc>Waits until the element ``locator`` is visible.</doc>
<status status="PASS" starttime="20221115 15:09:24.648" endtime="20221115 15:09:24.708"/>
</kw>
<kw name="Click Element" library="SeleniumLibrary">
<arg>id:feedHeaderEditButton</arg>
<doc>Click the element identified by ``locator``.</doc>
<msg timestamp="20221115 15:09:24.709" level="INFO">Clicking element 'id:feedHeaderEditButton'.</msg>
<status status="PASS" starttime="20221115 15:09:24.709" endtime="20221115 15:09:24.969"/>
</kw>
<kw name="Click Element" library="SeleniumLibrary">
<arg>//div[contains(@class,"omaposti-core__sc")] /span[text()="${item_id_1}"]</arg>
<doc>Click the element identified by ``locator``.</doc>
<msg timestamp="20221115 15:09:24.972" level="INFO">Clicking element '//div[contains(@class,"omaposti-core__sc")] /span[text()="JJFI234567891"]'.</msg>
<status status="PASS" starttime="20221115 15:09:24.970" endtime="20221115 15:09:25.350"/>
</kw>
<kw name="Click Element" library="SeleniumLibrary">
<arg>//div[contains(@class,"omaposti-core__sc")] /span[text()="${item_id_2}"]</arg>
<doc>Click the element identified by ``locator``.</doc>
<msg timestamp="20221115 15:09:25.352" level="INFO">Clicking element '//div[contains(@class,"omaposti-core__sc")] /span[text()="JJFI234567890"]'.</msg>
<status status="PASS" starttime="20221115 15:09:25.351" endtime="20221115 15:09:25.668"/>
</kw>
<kw name="Click Element" library="SeleniumLibrary">
<arg>id:feedEditActionsPanelArchiveButton</arg>
<doc>Click the element identified by ``locator``.</doc>
<msg timestamp="20221115 15:09:25.670" level="INFO">Clicking element 'id:feedEditActionsPanelArchiveButton'.</msg>
<status status="PASS" starttime="20221115 15:09:25.669" endtime="20221115 15:09:25.904"/>
</kw>
<status status="PASS" starttime="20221115 15:09:24.646" endtime="20221115 15:09:25.904"/>
</kw>
<kw name="Validate selected items are in archive folder" library="home_page">
<arg>${item_id_1}</arg>
<arg>${item_id_2}</arg>
<kw name="Click Element" library="SeleniumLibrary">
<arg>//div[text()="Archive"]</arg>
<doc>Click the element identified by ``locator``.</doc>
<msg timestamp="20221115 15:09:25.918" level="INFO">Clicking element '//div[text()="Archive"]'.</msg>
<status status="PASS" starttime="20221115 15:09:25.917" endtime="20221115 15:09:26.202"/>
</kw>
<kw name="Wait Until Element Is Visible" library="SeleniumLibrary">
<arg>//div[contains(@class,"omaposti-core__sc")] /span[text()="${item_id_1}"]</arg>
<arg>5s</arg>
<doc>Waits until the element ``locator`` is visible.</doc>
<status status="PASS" starttime="20221115 15:09:26.203" endtime="20221115 15:09:26.559"/>
</kw>
<kw name="Element Should Be Visible" library="SeleniumLibrary">
<arg>//div[contains(@class,"omaposti-core__sc")] /span[text()="${item_id_1}"]</arg>
<doc>Verifies that the element identified by ``locator`` is visible.</doc>
<msg timestamp="20221115 15:09:26.594" level="INFO">Element '//div[contains(@class,"omaposti-core__sc")] /span[text()="JJFI234567891"]' is displayed.</msg>
<status status="PASS" starttime="20221115 15:09:26.559" endtime="20221115 15:09:26.594"/>
</kw>
<kw name="Element Should Be Visible" library="SeleniumLibrary">
<arg>//div[contains(@class,"omaposti-core__sc")] /span[text()="${item_id_2}"]</arg>
<doc>Verifies that the element identified by ``locator`` is visible.</doc>
<msg timestamp="20221115 15:09:26.650" level="INFO">Element '//div[contains(@class,"omaposti-core__sc")] /span[text()="JJFI234567890"]' is displayed.</msg>
<status status="PASS" starttime="20221115 15:09:26.594" endtime="20221115 15:09:26.650"/>
</kw>
<status status="PASS" starttime="20221115 15:09:25.906" endtime="20221115 15:09:26.650"/>
</kw>
<kw name="Send selected items back to inbox from archive" library="home_page" type="TEARDOWN">
<arg>${item_id_1}</arg>
<arg>${item_id_2}</arg>
<kw name="Wait Until Element Is Visible" library="SeleniumLibrary">
<arg>//button[contains(@id,"${item_id_1}")]</arg>
<doc>Waits until the element ``locator`` is visible.</doc>
<status status="PASS" starttime="20221115 15:09:26.656" endtime="20221115 15:09:26.764"/>
</kw>
<kw name="Click Element" library="SeleniumLibrary">
<arg>id:feedHeaderEditButton</arg>
<doc>Click the element identified by ``locator``.</doc>
<msg timestamp="20221115 15:09:26.764" level="INFO">Clicking element 'id:feedHeaderEditButton'.</msg>
<status status="PASS" starttime="20221115 15:09:26.764" endtime="20221115 15:09:26.933"/>
</kw>
<kw name="Click Element" library="SeleniumLibrary">
<arg>//div[contains(@class,"omaposti-core__sc")] /span[text()="${item_id_1}"]</arg>
<doc>Click the element identified by ``locator``.</doc>
<msg timestamp="20221115 15:09:26.947" level="INFO">Clicking element '//div[contains(@class,"omaposti-core__sc")] /span[text()="JJFI234567891"]'.</msg>
<status status="PASS" starttime="20221115 15:09:26.934" endtime="20221115 15:09:27.129"/>
</kw>
<kw name="Click Element" library="SeleniumLibrary">
<arg>//div[contains(@class,"omaposti-core__sc")] /span[text()="${item_id_2}"]</arg>
<doc>Click the element identified by ``locator``.</doc>
<msg timestamp="20221115 15:09:27.131" level="INFO">Clicking element '//div[contains(@class,"omaposti-core__sc")] /span[text()="JJFI234567890"]'.</msg>
<status status="PASS" starttime="20221115 15:09:27.130" endtime="20221115 15:09:27.302"/>
</kw>
<kw name="Click Element" library="SeleniumLibrary">
<arg>id:feedEditActionsPanelArchiveButton</arg>
<doc>Click the element identified by ``locator``.</doc>
<msg timestamp="20221115 15:09:27.302" level="INFO">Clicking element 'id:feedEditActionsPanelArchiveButton'.</msg>
<status status="PASS" starttime="20221115 15:09:27.302" endtime="20221115 15:09:27.496"/>
</kw>
<kw name="Sleep" library="BuiltIn">
<arg>5s</arg>
<doc>Pauses the test executed for the given time.</doc>
<msg timestamp="20221115 15:09:32.497" level="INFO">Slept 5 seconds</msg>
<status status="PASS" starttime="20221115 15:09:27.496" endtime="20221115 15:09:32.497"/>
</kw>
<kw name="Click Element" library="SeleniumLibrary">
<arg>id:label-mainMenuInbox</arg>
<doc>Click the element identified by ``locator``.</doc>
<msg timestamp="20221115 15:09:32.498" level="INFO">Clicking element 'id:label-mainMenuInbox'.</msg>
<status status="PASS" starttime="20221115 15:09:32.497" endtime="20221115 15:09:32.643"/>
</kw>
<status status="PASS" starttime="20221115 15:09:26.651" endtime="20221115 15:09:32.643"/>
</kw>
<status status="PASS" starttime="20221115 15:09:24.643" endtime="20221115 15:09:32.643"/>
</test>
<test id="s1-t10" name="TC_10_User should be able to find out and set nearest Posti Pickup point using the Zip code" line="71">
<kw name="Navigate to the pickup point setting" library="home_page">
<kw name="Click Element" library="SeleniumLibrary">
<arg>id:label-mainMenuSettings</arg>
<doc>Click the element identified by ``locator``.</doc>
<msg timestamp="20221115 15:09:32.647" level="INFO">Clicking element 'id:label-mainMenuSettings'.</msg>
<status status="PASS" starttime="20221115 15:09:32.647" endtime="20221115 15:09:32.884"/>
</kw>
<kw name="Wait Until Element Is Visible" library="SeleniumLibrary">
<arg>id:label-lowerMenuSettingsMyPickUpPoint</arg>
<arg>5s</arg>
<doc>Waits until the element ``locator`` is visible.</doc>
<status status="PASS" starttime="20221115 15:09:32.884" endtime="20221115 15:09:32.974"/>
</kw>
<kw name="Click Element" library="SeleniumLibrary">
<arg>id:label-lowerMenuSettingsMyPickUpPoint</arg>
<doc>Click the element identified by ``locator``.</doc>
<msg timestamp="20221115 15:09:32.978" level="INFO">Clicking element 'id:label-lowerMenuSettingsMyPickUpPoint'.</msg>
<status status="PASS" starttime="20221115 15:09:32.975" endtime="20221115 15:09:33.817"/>
</kw>
<kw name="Wait Until Element Is Visible" library="SeleniumLibrary">
<arg>//h4[text()='My pickup point']</arg>
<arg>5s</arg>
<doc>Waits until the element ``locator`` is visible.</doc>
<status status="PASS" starttime="20221115 15:09:33.817" endtime="20221115 15:09:34.106"/>
</kw>
<status status="PASS" starttime="20221115 15:09:32.646" endtime="20221115 15:09:34.106"/>
</kw>
<kw name="Enter the pickup point zip code and enable the pickup point" library="home_page">
<arg>${zip_code}</arg>
<kw name="Click Element" library="SeleniumLibrary">
<arg>//button/span/span[text()='CHANGE']</arg>
<doc>Click the element identified by ``locator``.</doc>
<msg timestamp="20221115 15:09:34.108" level="INFO">Clicking element '//button/span/span[text()='CHANGE']'.</msg>
<status status="PASS" starttime="20221115 15:09:34.108" endtime="20221115 15:09:34.268"/>
</kw>
<kw name="Wait Until Element Is Visible" library="SeleniumLibrary">
<arg>//input[@placeholder='Enter postal code or address']</arg>
<arg>5s</arg>
<doc>Waits until the element ``locator`` is visible.</doc>
<status status="PASS" starttime="20221115 15:09:34.268" endtime="20221115 15:09:34.313"/>
</kw>
<kw name="Input Text" library="SeleniumLibrary">
<arg>//input[@placeholder='Enter postal code or address']</arg>
<arg>${zip_code}</arg>
<doc>Types the given ``text`` into the text field identified by ``locator``.</doc>
<msg timestamp="20221115 15:09:34.314" level="INFO">Typing text '05800' into text field '//input[@placeholder='Enter postal code or address']'.</msg>
<status status="PASS" starttime="20221115 15:09:34.313" endtime="20221115 15:09:34.584"/>
</kw>
<kw name="Sleep" library="BuiltIn">
<arg>3s</arg>
<doc>Pauses the test executed for the given time.</doc>
<msg timestamp="20221115 15:09:37.585" level="INFO">Slept 3 seconds</msg>
<status status="PASS" starttime="20221115 15:09:34.584" endtime="20221115 15:09:37.585"/>
</kw>
<kw name="Click Element" library="SeleniumLibrary">
<arg>//h4[text()='Posti, K-Citymarket Hyvinkää']</arg>
<doc>Click the element identified by ``locator``.</doc>
<msg timestamp="20221115 15:09:37.596" level="INFO">Clicking element '//h4[text()='Posti, K-Citymarket Hyvinkää']'.</msg>
<status status="PASS" starttime="20221115 15:09:37.586" endtime="20221115 15:09:37.702"/>
</kw>
<status status="PASS" starttime="20221115 15:09:34.107" endtime="20221115 15:09:37.702"/>
</kw>
<kw name="Validate the selected pickup point is enabled" library="home_page">
<kw name="Sleep" library="BuiltIn">
<arg>5s</arg>
<doc>Pauses the test executed for the given time.</doc>
<msg timestamp="20221115 15:09:42.708" level="INFO">Slept 5 seconds</msg>
<status status="PASS" starttime="20221115 15:09:37.707" endtime="20221115 15:09:42.708"/>
</kw>
<kw name="Wait Until Element Is Visible" library="SeleniumLibrary">
<arg>(//h4[text()='Posti, K-Citymarket Hyvinkää'])[2]</arg>
<arg>10s</arg>
<doc>Waits until the element ``locator`` is visible.</doc>
<status status="PASS" starttime="20221115 15:09:42.708" endtime="20221115 15:09:42.736"/>
</kw>
<kw name="Scroll Element Into View" library="SeleniumLibrary">
<arg>(//h4[text()='Posti, K-Citymarket Hyvinkää'])[2]</arg>
<doc>Scrolls the element identified by ``locator`` into view.</doc>
<status status="PASS" starttime="20221115 15:09:42.736" endtime="20221115 15:09:43.064"/>
</kw>
<kw name="Element Should Be Visible" library="SeleniumLibrary">
<arg>(//h4[text()='Posti, K-Citymarket Hyvinkää'])[2]</arg>
<doc>Verifies that the element identified by ``locator`` is visible.</doc>
<msg timestamp="20221115 15:09:43.086" level="INFO">Element '(//h4[text()='Posti, K-Citymarket Hyvinkää'])[2]' is displayed.</msg>
<status status="PASS" starttime="20221115 15:09:43.064" endtime="20221115 15:09:43.087"/>
</kw>
<kw name="Scroll Element Into View" library="SeleniumLibrary">
<arg>//input[@type='checkbox' and @aria-disabled='false']</arg>
<doc>Scrolls the element identified by ``locator`` into view.</doc>
<status status="PASS" starttime="20221115 15:09:43.087" endtime="20221115 15:09:43.366"/>
</kw>
<kw name="Capture Page Screenshot" library="SeleniumLibrary">
<doc>Takes a screenshot of the current page and embeds it into a log file.</doc>
<msg timestamp="20221115 15:09:43.680" level="INFO" html="true">&lt;/td&gt;&lt;/tr&gt;&lt;tr&gt;&lt;td colspan="3"&gt;&lt;a href="selenium-screenshot-50.png"&gt;&lt;img src="selenium-screenshot-50.png" width="800px"&gt;&lt;/a&gt;</msg>
<status status="PASS" starttime="20221115 15:09:43.366" endtime="20221115 15:09:43.680"/>
</kw>
<status status="PASS" starttime="20221115 15:09:37.704" endtime="20221115 15:09:43.680"/>
</kw>
<status status="PASS" starttime="20221115 15:09:32.645" endtime="20221115 15:09:43.681"/>
</test>
<kw name="Close All Browsers" library="SeleniumLibrary" type="TEARDOWN">
<doc>Closes all open browsers and resets the browser cache.</doc>
<status status="PASS" starttime="20221115 15:09:43.682" endtime="20221115 15:09:44.630"/>
</kw>
<status status="PASS" starttime="20221115 15:07:26.589" endtime="20221115 15:09:44.630"/>
</suite>
<statistics>
<total>
<stat pass="10" fail="0" skip="0">All Tests</stat>
</total>
<tag>
</tag>
<suite>
<stat pass="10" fail="0" skip="0" id="s1" name="Homepage Test">Homepage Test</stat>
</suite>
</statistics>
<errors>
</errors>
</robot>
