<?xml version="1.0" encoding="UTF-8"?>
<robot generator="Robot 5.0.1 (Python 3.10.6 on linux)" generated="20221115 13:53:48.035" rpa="false" schemaversion="3">
<suite id="s1" name="Homepage Test" source="/home/greeshma/Documents/omaposti_project/tests/homepage_test.robot">
<kw name="Open browser and goto URL" library="utilities" type="SETUP">
<kw name="Open Browser" library="SeleniumLibrary">
<arg>${URL}</arg>
<arg>${browser}</arg>
<doc>Opens a new browser instance to the optional ``url``.</doc>
<msg timestamp="20221115 13:53:48.238" level="INFO">Opening browser 'Chrome' to base url 'https://www.posti.fi/fi'.</msg>
<status status="PASS" starttime="20221115 13:53:48.237" endtime="20221115 13:54:04.724"/>
</kw>
<kw name="Maximize Browser Window" library="SeleniumLibrary">
<doc>Maximizes current browser window.</doc>
<status status="PASS" starttime="20221115 13:54:04.724" endtime="20221115 13:54:05.037"/>
</kw>
<kw name="Wait Until Element Is Visible" library="SeleniumLibrary">
<arg>id:onetrust-accept-btn-handler</arg>
<arg>10s</arg>
<doc>Waits until the element ``locator`` is visible.</doc>
<status status="PASS" starttime="20221115 13:54:05.038" endtime="20221115 13:54:06.559"/>
</kw>
<kw name="Click Element" library="SeleniumLibrary">
<arg>id:onetrust-accept-btn-handler</arg>
<doc>Click the element identified by ``locator``.</doc>
<msg timestamp="20221115 13:54:06.561" level="INFO">Clicking element 'id:onetrust-accept-btn-handler'.</msg>
<status status="PASS" starttime="20221115 13:54:06.560" endtime="20221115 13:54:06.686"/>
</kw>
<status status="PASS" starttime="20221115 13:53:48.237" endtime="20221115 13:54:06.686"/>
</kw>
<test id="s1-t1" name="Validate successful login into homepage" line="22">
<kw name="Select language" library="login_page">
<arg>EN</arg>
<kw name="Wait Until Element Is Visible" library="SeleniumLibrary">
<arg>${btn_language}</arg>
<arg>10s</arg>
<doc>Waits until the element ``locator`` is visible.</doc>
<status status="PASS" starttime="20221115 13:54:06.688" endtime="20221115 13:54:06.738"/>
</kw>
<kw name="Click Element" library="SeleniumLibrary">
<arg>${btn_language}</arg>
<doc>Click the element identified by ``locator``.</doc>
<msg timestamp="20221115 13:54:06.739" level="INFO">Clicking element '//button[@id="topbar-locale-dropdown"]/span'.</msg>
<status status="PASS" starttime="20221115 13:54:06.738" endtime="20221115 13:54:07.325"/>
</kw>
<kw name="Wait Until Element Is Visible" library="SeleniumLibrary">
<arg>id:${language}</arg>
<arg>5s</arg>
<doc>Waits until the element ``locator`` is visible.</doc>
<status status="PASS" starttime="20221115 13:54:07.325" endtime="20221115 13:54:07.870"/>
</kw>
<kw name="Click Element" library="SeleniumLibrary">
<arg>id:${language}</arg>
<doc>Click the element identified by ``locator``.</doc>
<msg timestamp="20221115 13:54:07.870" level="INFO">Clicking element 'id:EN'.</msg>
<status status="PASS" starttime="20221115 13:54:07.870" endtime="20221115 13:54:08.736"/>
</kw>
<status status="PASS" starttime="20221115 13:54:06.688" endtime="20221115 13:54:08.737"/>
</kw>
<kw name="Click login and Select Omaposti" library="login_page">
<kw name="Wait Until Element Is Visible" library="SeleniumLibrary">
<arg>${btn_login}</arg>
<arg>10s</arg>
<doc>Waits until the element ``locator`` is visible.</doc>
<status status="PASS" starttime="20221115 13:54:08.738" endtime="20221115 13:54:10.092"/>
</kw>
<kw name="Click Element" library="SeleniumLibrary">
<arg>${btn_login}</arg>
<doc>Click the element identified by ``locator``.</doc>
<msg timestamp="20221115 13:54:10.093" level="INFO">Clicking element '//button[@aria-label="Log in"]'.</msg>
<status status="PASS" starttime="20221115 13:54:10.093" endtime="20221115 13:54:10.211"/>
</kw>
<kw name="Wait Until Element Is Visible" library="SeleniumLibrary">
<arg>${lnk_omaposti}</arg>
<arg>5s</arg>
<doc>Waits until the element ``locator`` is visible.</doc>
<status status="PASS" starttime="20221115 13:54:10.211" endtime="20221115 13:54:10.262"/>
</kw>
<kw name="Click Element" library="SeleniumLibrary">
<arg>${lnk_omaposti}</arg>
<doc>Click the element identified by ``locator``.</doc>
<msg timestamp="20221115 13:54:10.262" level="INFO">Clicking element '//a[@aria-label="OmaPosti"]'.</msg>
<status status="PASS" starttime="20221115 13:54:10.262" endtime="20221115 13:54:13.662"/>
</kw>
<kw name="Page Should Contain Element" library="SeleniumLibrary">
<arg>${txt_loginpage}</arg>
<doc>Verifies that element ``locator`` is found on the current page.</doc>
<msg timestamp="20221115 13:54:15.101" level="INFO">Current page contains element '//h1[text()="Posti Online Services"]'.</msg>
<status status="PASS" starttime="20221115 13:54:13.662" endtime="20221115 13:54:15.101"/>
</kw>
<status status="PASS" starttime="20221115 13:54:08.737" endtime="20221115 13:54:15.101"/>
</kw>
<kw name="Enter email address and password" library="login_page">
<arg>${username}</arg>
<arg>${password}</arg>
<kw name="Set Log Level" library="BuiltIn">
<arg>NONE</arg>
<doc>Sets the log threshold to the specified level and returns the old level.</doc>
<status status="PASS" starttime="20221115 13:54:15.103" endtime="20221115 13:54:15.104"/>
</kw>
<kw name="Input Text" library="SeleniumLibrary">
<arg>id:username</arg>
<arg>${email}</arg>
<doc>Types the given ``text`` into the text field identified by ``locator``.</doc>
<status status="PASS" starttime="20221115 13:54:15.104" endtime="20221115 13:54:16.027"/>
</kw>
<kw name="Set Log Level" library="BuiltIn">
<arg>INFO</arg>
<doc>Sets the log threshold to the specified level and returns the old level.</doc>
<msg timestamp="20221115 13:54:16.028" level="INFO">Log level changed from NONE to INFO.</msg>
<status status="PASS" starttime="20221115 13:54:16.027" endtime="20221115 13:54:16.028"/>
</kw>
<kw name="Input Password" library="SeleniumLibrary">
<arg>id:password</arg>
<arg>${password}</arg>
<doc>Types the given password into the text field identified by ``locator``.</doc>
<msg timestamp="20221115 13:54:16.029" level="INFO">Typing password into text field 'id:password'.</msg>
<msg timestamp="20221115 13:54:16.087" level="INFO">Temporally setting log level to: NONE</msg>
<msg timestamp="20221115 13:54:16.160" level="INFO">Log level changed from NONE to INFO.</msg>
<status status="PASS" starttime="20221115 13:54:16.028" endtime="20221115 13:54:16.160"/>
</kw>
<kw name="Click Button" library="SeleniumLibrary">
<arg>${btn_loginpage_login}</arg>
<doc>Clicks the button identified by ``locator``.</doc>
<msg timestamp="20221115 13:54:16.161" level="INFO">Clicking button 'id:posti_login_btn'.</msg>
<status status="PASS" starttime="20221115 13:54:16.160" endtime="20221115 13:54:17.969"/>
</kw>
<status status="PASS" starttime="20221115 13:54:15.102" endtime="20221115 13:54:17.969"/>
</kw>
<kw name="Validate successful login" library="login_page">
<kw name="Wait Until Element Is Visible" library="SeleniumLibrary">
<arg>${txt_home}</arg>
<arg>10s</arg>
<doc>Waits until the element ``locator`` is visible.</doc>
<status status="PASS" starttime="20221115 13:54:17.977" endtime="20221115 13:54:19.983"/>
</kw>
<kw name="Page Should Contain Element" library="SeleniumLibrary">
<arg>${txt_home}</arg>
<doc>Verifies that element ``locator`` is found on the current page.</doc>
<msg timestamp="20221115 13:54:20.119" level="INFO">Current page contains element '//h3[text()="Home"]'.</msg>
<status status="PASS" starttime="20221115 13:54:19.984" endtime="20221115 13:54:20.119"/>
</kw>
<status status="PASS" starttime="20221115 13:54:17.975" endtime="20221115 13:54:20.120"/>
</kw>
<status status="PASS" starttime="20221115 13:54:06.686" endtime="20221115 13:54:20.124"/>
</test>
<test id="s1-t2" name="TC_01_Validate Filter for letters - only letters should be visible in the feed" line="28">
<kw name="Select document_type from the list" library="home_page">
<arg>letter</arg>
<kw name="Click Button" library="SeleniumLibrary">
<arg>//button[contains(@aria-label,"Show only")]</arg>
<doc>Clicks the button identified by ``locator``.</doc>
<msg timestamp="20221115 13:54:20.145" level="INFO">Clicking button '//button[contains(@aria-label,"Show only")]'.</msg>
<status status="PASS" starttime="20221115 13:54:20.136" endtime="20221115 13:54:20.610"/>
</kw>
<kw name="Log" library="BuiltIn">
<arg>${document_type}</arg>
<doc>Logs the given message with the given level.</doc>
<msg timestamp="20221115 13:54:20.611" level="INFO">letter</msg>
<status status="PASS" starttime="20221115 13:54:20.610" endtime="20221115 13:54:20.611"/>
</kw>
<kw name="Wait Until Element Is Visible" library="SeleniumLibrary">
<arg>//li[@value="${document_type}"]</arg>
<arg>5s</arg>
<doc>Waits until the element ``locator`` is visible.</doc>
<status status="PASS" starttime="20221115 13:54:20.611" endtime="20221115 13:54:20.654"/>
</kw>
<kw name="Click Element" library="SeleniumLibrary">
<arg>//li[@value="${document_type}"]</arg>
<doc>Click the element identified by ``locator``.</doc>
<msg timestamp="20221115 13:54:20.658" level="INFO">Clicking element '//li[@value="letter"]'.</msg>
<status status="PASS" starttime="20221115 13:54:20.655" endtime="20221115 13:54:20.840"/>
</kw>
<status status="PASS" starttime="20221115 13:54:20.134" endtime="20221115 13:54:20.840"/>
</kw>
<kw name="Count the number of inbox feeds and list the document type" library="home_page">
<kw name="Get Element Count" library="SeleniumLibrary">
<var>${count}</var>
<arg>(//button[contains(@class,"omaposti-core__sc") and @lang="en"])</arg>
<doc>Returns the number of elements matching ``locator``.</doc>
<msg timestamp="20221115 13:54:20.865" level="INFO">${count} = 1</msg>
<status status="PASS" starttime="20221115 13:54:20.842" endtime="20221115 13:54:20.865"/>
</kw>
<kw name="Create List" library="BuiltIn">
<var>@{list_feed}</var>
<doc>Returns a list containing given items.</doc>
<msg timestamp="20221115 13:54:20.867" level="INFO">@{list_feed} = [ ]</msg>
<status status="PASS" starttime="20221115 13:54:20.866" endtime="20221115 13:54:20.867"/>
</kw>
<for flavor="IN RANGE">
<var>${i}</var>
<value>1</value>
<value>${count}+1</value>
<iter>
<var name="${i}">1</var>
<kw name="Get Text" library="SeleniumLibrary">
<var>${document_type}</var>
<arg>(//div[contains(@class,"omaposti-core__sc")]/span[text()="Shipment" or text()="Letter" or text()="Invoice"])</arg>
<doc>Returns the text value of the element identified by ``locator``.</doc>
<msg timestamp="20221115 13:54:21.092" level="INFO">${document_type} = Letter</msg>
<status status="PASS" starttime="20221115 13:54:20.899" endtime="20221115 13:54:21.092"/>
</kw>
<kw name="Append To List" library="Collections">
<arg>${list_feed}</arg>
<arg>${document_type}</arg>
<doc>Adds ``values`` to the end of ``list``.</doc>
<status status="PASS" starttime="20221115 13:54:21.092" endtime="20221115 13:54:21.093"/>
</kw>
<status status="PASS" starttime="20221115 13:54:20.899" endtime="20221115 13:54:21.093"/>
</iter>
<status status="PASS" starttime="20221115 13:54:20.867" endtime="20221115 13:54:21.093"/>
</for>
<kw name="Log" library="BuiltIn">
<arg>${list_feed}</arg>
<doc>Logs the given message with the given level.</doc>
<msg timestamp="20221115 13:54:21.094" level="INFO">['Letter']</msg>
<status status="PASS" starttime="20221115 13:54:21.093" endtime="20221115 13:54:21.094"/>
</kw>
<kw name="Set Test Variable" library="BuiltIn">
<arg>${list_feed}</arg>
<doc>Makes a variable available everywhere within the scope of the current test.</doc>
<msg timestamp="20221115 13:54:21.094" level="INFO">${list_feed} = ['Letter']</msg>
<status status="PASS" starttime="20221115 13:54:21.094" endtime="20221115 13:54:21.094"/>
</kw>
<status status="PASS" starttime="20221115 13:54:20.842" endtime="20221115 13:54:21.094"/>
</kw>
<kw name="Validate list_feed contains only the filtered type - Letter" library="home_page">
<kw name="List Should Not Contain Value" library="Collections">
<arg>${list_feed}</arg>
<arg>Shipment</arg>
<doc>Fails if the ``value`` is found from ``list``.</doc>
<status status="PASS" starttime="20221115 13:54:21.095" endtime="20221115 13:54:21.096"/>
</kw>
<kw name="List Should Not Contain Value" library="Collections">
<arg>${list_feed}</arg>
<arg>Invoice</arg>
<doc>Fails if the ``value`` is found from ``list``.</doc>
<status status="PASS" starttime="20221115 13:54:21.096" endtime="20221115 13:54:21.096"/>
</kw>
<status status="PASS" starttime="20221115 13:54:21.095" endtime="20221115 13:54:21.096"/>
</kw>
<status status="PASS" starttime="20221115 13:54:20.131" endtime="20221115 13:54:21.096"/>
</test>
<test id="s1-t3" name="TC_02_Validate Filter for parcels - only parcel should be visible in the feed" line="34">
<kw name="Select document_type from the list" library="home_page">
<arg>parcel</arg>
<kw name="Click Button" library="SeleniumLibrary">
<arg>//button[contains(@aria-label,"Show only")]</arg>
<doc>Clicks the button identified by ``locator``.</doc>
<msg timestamp="20221115 13:54:21.099" level="INFO">Clicking button '//button[contains(@aria-label,"Show only")]'.</msg>
<status status="PASS" starttime="20221115 13:54:21.099" endtime="20221115 13:54:21.202"/>
</kw>
<kw name="Log" library="BuiltIn">
<arg>${document_type}</arg>
<doc>Logs the given message with the given level.</doc>
<msg timestamp="20221115 13:54:21.202" level="INFO">parcel</msg>
<status status="PASS" starttime="20221115 13:54:21.202" endtime="20221115 13:54:21.202"/>
</kw>
<kw name="Wait Until Element Is Visible" library="SeleniumLibrary">
<arg>//li[@value="${document_type}"]</arg>
<arg>5s</arg>
<doc>Waits until the element ``locator`` is visible.</doc>
<status status="PASS" starttime="20221115 13:54:21.203" endtime="20221115 13:54:21.494"/>
</kw>
<kw name="Click Element" library="SeleniumLibrary">
<arg>//li[@value="${document_type}"]</arg>
<doc>Click the element identified by ``locator``.</doc>
<msg timestamp="20221115 13:54:21.494" level="INFO">Clicking element '//li[@value="parcel"]'.</msg>
<status status="PASS" starttime="20221115 13:54:21.494" endtime="20221115 13:54:21.634"/>
</kw>
<status status="PASS" starttime="20221115 13:54:21.098" endtime="20221115 13:54:21.636"/>
</kw>
<kw name="Count the number of inbox feeds and list the document type" library="home_page">
<kw name="Get Element Count" library="SeleniumLibrary">
<var>${count}</var>
<arg>(//button[contains(@class,"omaposti-core__sc") and @lang="en"])</arg>
<doc>Returns the number of elements matching ``locator``.</doc>
<msg timestamp="20221115 13:54:21.698" level="INFO">${count} = 7</msg>
<status status="PASS" starttime="20221115 13:54:21.639" endtime="20221115 13:54:21.698"/>
</kw>
<kw name="Create List" library="BuiltIn">
<var>@{list_feed}</var>
<doc>Returns a list containing given items.</doc>
<msg timestamp="20221115 13:54:21.698" level="INFO">@{list_feed} = [ ]</msg>
<status status="PASS" starttime="20221115 13:54:21.698" endtime="20221115 13:54:21.699"/>
</kw>
<for flavor="IN RANGE">
<var>${i}</var>
<value>1</value>
<value>${count}+1</value>
<iter>
<var name="${i}">1</var>
<kw name="Get Text" library="SeleniumLibrary">
<var>${document_type}</var>
<arg>(//div[contains(@class,"omaposti-core__sc")]/span[text()="Shipment" or text()="Letter" or text()="Invoice"])</arg>
<doc>Returns the text value of the element identified by ``locator``.</doc>
<msg timestamp="20221115 13:54:21.766" level="INFO">${document_type} = Shipment</msg>
<status status="PASS" starttime="20221115 13:54:21.700" endtime="20221115 13:54:21.766"/>
</kw>
<kw name="Append To List" library="Collections">
<arg>${list_feed}</arg>
<arg>${document_type}</arg>
<doc>Adds ``values`` to the end of ``list``.</doc>
<status status="PASS" starttime="20221115 13:54:21.766" endtime="20221115 13:54:21.767"/>
</kw>
<status status="PASS" starttime="20221115 13:54:21.699" endtime="20221115 13:54:21.767"/>
</iter>
<iter>
<var name="${i}">2</var>
<kw name="Get Text" library="SeleniumLibrary">
<var>${document_type}</var>
<arg>(//div[contains(@class,"omaposti-core__sc")]/span[text()="Shipment" or text()="Letter" or text()="Invoice"])</arg>
<doc>Returns the text value of the element identified by ``locator``.</doc>
<msg timestamp="20221115 13:54:21.803" level="INFO">${document_type} = Shipment</msg>
<status status="PASS" starttime="20221115 13:54:21.768" endtime="20221115 13:54:21.803"/>
</kw>
<kw name="Append To List" library="Collections">
<arg>${list_feed}</arg>
<arg>${document_type}</arg>
<doc>Adds ``values`` to the end of ``list``.</doc>
<status status="PASS" starttime="20221115 13:54:21.803" endtime="20221115 13:54:21.804"/>
</kw>
<status status="PASS" starttime="20221115 13:54:21.768" endtime="20221115 13:54:21.804"/>
</iter>
<iter>
<var name="${i}">3</var>
<kw name="Get Text" library="SeleniumLibrary">
<var>${document_type}</var>
<arg>(//div[contains(@class,"omaposti-core__sc")]/span[text()="Shipment" or text()="Letter" or text()="Invoice"])</arg>
<doc>Returns the text value of the element identified by ``locator``.</doc>
<msg timestamp="20221115 13:54:21.823" level="INFO">${document_type} = Shipment</msg>
<status status="PASS" starttime="20221115 13:54:21.805" endtime="20221115 13:54:21.823"/>
</kw>
<kw name="Append To List" library="Collections">
<arg>${list_feed}</arg>
<arg>${document_type}</arg>
<doc>Adds ``values`` to the end of ``list``.</doc>
<status status="PASS" starttime="20221115 13:54:21.824" endtime="20221115 13:54:21.824"/>
</kw>
<status status="PASS" starttime="20221115 13:54:21.805" endtime="20221115 13:54:21.824"/>
</iter>
<iter>
<var name="${i}">4</var>
<kw name="Get Text" library="SeleniumLibrary">
<var>${document_type}</var>
<arg>(//div[contains(@class,"omaposti-core__sc")]/span[text()="Shipment" or text()="Letter" or text()="Invoice"])</arg>
<doc>Returns the text value of the element identified by ``locator``.</doc>
<msg timestamp="20221115 13:54:21.842" level="INFO">${document_type} = Shipment</msg>
<status status="PASS" starttime="20221115 13:54:21.825" endtime="20221115 13:54:21.842"/>
</kw>
<kw name="Append To List" library="Collections">
<arg>${list_feed}</arg>
<arg>${document_type}</arg>
<doc>Adds ``values`` to the end of ``list``.</doc>
<status status="PASS" starttime="20221115 13:54:21.842" endtime="20221115 13:54:21.843"/>
</kw>
<status status="PASS" starttime="20221115 13:54:21.824" endtime="20221115 13:54:21.843"/>
</iter>
<iter>
<var name="${i}">5</var>
<kw name="Get Text" library="SeleniumLibrary">
<var>${document_type}</var>
<arg>(//div[contains(@class,"omaposti-core__sc")]/span[text()="Shipment" or text()="Letter" or text()="Invoice"])</arg>
<doc>Returns the text value of the element identified by ``locator``.</doc>
<msg timestamp="20221115 13:54:21.869" level="INFO">${document_type} = Shipment</msg>
<status status="PASS" starttime="20221115 13:54:21.843" endtime="20221115 13:54:21.869"/>
</kw>
<kw name="Append To List" library="Collections">
<arg>${list_feed}</arg>
<arg>${document_type}</arg>
<doc>Adds ``values`` to the end of ``list``.</doc>
<status status="PASS" starttime="20221115 13:54:21.869" endtime="20221115 13:54:21.869"/>
</kw>
<status status="PASS" starttime="20221115 13:54:21.843" endtime="20221115 13:54:21.869"/>
</iter>
<iter>
<var name="${i}">6</var>
<kw name="Get Text" library="SeleniumLibrary">
<var>${document_type}</var>
<arg>(//div[contains(@class,"omaposti-core__sc")]/span[text()="Shipment" or text()="Letter" or text()="Invoice"])</arg>
<doc>Returns the text value of the element identified by ``locator``.</doc>
<msg timestamp="20221115 13:54:21.889" level="INFO">${document_type} = Shipment</msg>
<status status="PASS" starttime="20221115 13:54:21.870" endtime="20221115 13:54:21.889"/>
</kw>
<kw name="Append To List" library="Collections">
<arg>${list_feed}</arg>
<arg>${document_type}</arg>
<doc>Adds ``values`` to the end of ``list``.</doc>
<status status="PASS" starttime="20221115 13:54:21.889" endtime="20221115 13:54:21.890"/>
</kw>
<status status="PASS" starttime="20221115 13:54:21.869" endtime="20221115 13:54:21.890"/>
</iter>
<iter>
<var name="${i}">7</var>
<kw name="Get Text" library="SeleniumLibrary">
<var>${document_type}</var>
<arg>(//div[contains(@class,"omaposti-core__sc")]/span[text()="Shipment" or text()="Letter" or text()="Invoice"])</arg>
<doc>Returns the text value of the element identified by ``locator``.</doc>
<msg timestamp="20221115 13:54:21.912" level="INFO">${document_type} = Shipment</msg>
<status status="PASS" starttime="20221115 13:54:21.890" endtime="20221115 13:54:21.912"/>
</kw>
<kw name="Append To List" library="Collections">
<arg>${list_feed}</arg>
<arg>${document_type}</arg>
<doc>Adds ``values`` to the end of ``list``.</doc>
<status status="PASS" starttime="20221115 13:54:21.912" endtime="20221115 13:54:21.913"/>
</kw>
<status status="PASS" starttime="20221115 13:54:21.890" endtime="20221115 13:54:21.913"/>
</iter>
<status status="PASS" starttime="20221115 13:54:21.699" endtime="20221115 13:54:21.913"/>
</for>
<kw name="Log" library="BuiltIn">
<arg>${list_feed}</arg>
<doc>Logs the given message with the given level.</doc>
<msg timestamp="20221115 13:54:21.913" level="INFO">['Shipment', 'Shipment', 'Shipment', 'Shipment', 'Shipment', 'Shipment', 'Shipment']</msg>
<status status="PASS" starttime="20221115 13:54:21.913" endtime="20221115 13:54:21.913"/>
</kw>
<kw name="Set Test Variable" library="BuiltIn">
<arg>${list_feed}</arg>
<doc>Makes a variable available everywhere within the scope of the current test.</doc>
<msg timestamp="20221115 13:54:21.913" level="INFO">${list_feed} = ['Shipment', 'Shipment', 'Shipment', 'Shipment', 'Shipment', 'Shipment', 'Shipment']</msg>
<status status="PASS" starttime="20221115 13:54:21.913" endtime="20221115 13:54:21.914"/>
</kw>
<status status="PASS" starttime="20221115 13:54:21.638" endtime="20221115 13:54:21.914"/>
</kw>
<kw name="Validate list_feed contains only the filtered type - Shipment(parcel)" library="home_page">
<kw name="List Should Not Contain Value" library="Collections">
<arg>${list_feed}</arg>
<arg>Letter</arg>
<doc>Fails if the ``value`` is found from ``list``.</doc>
<status status="PASS" starttime="20221115 13:54:21.914" endtime="20221115 13:54:21.915"/>
</kw>
<kw name="List Should Not Contain Value" library="Collections">
<arg>${list_feed}</arg>
<arg>Invoice</arg>
<doc>Fails if the ``value`` is found from ``list``.</doc>
<status status="PASS" starttime="20221115 13:54:21.915" endtime="20221115 13:54:21.915"/>
</kw>
<status status="PASS" starttime="20221115 13:54:21.914" endtime="20221115 13:54:21.916"/>
</kw>
<status status="PASS" starttime="20221115 13:54:21.097" endtime="20221115 13:54:21.916"/>
</test>
<test id="s1-t4" name="TC_03_Validate Filter for invoice - only invoice should be visible in the feed" line="39">
<kw name="Select document_type from the list" library="home_page">
<arg>invoice</arg>
<kw name="Click Button" library="SeleniumLibrary">
<arg>//button[contains(@aria-label,"Show only")]</arg>
<doc>Clicks the button identified by ``locator``.</doc>
<msg timestamp="20221115 13:54:21.919" level="INFO">Clicking button '//button[contains(@aria-label,"Show only")]'.</msg>
<status status="PASS" starttime="20221115 13:54:21.919" endtime="20221115 13:54:22.059"/>
</kw>
<kw name="Log" library="BuiltIn">
<arg>${document_type}</arg>
<doc>Logs the given message with the given level.</doc>
<msg timestamp="20221115 13:54:22.059" level="INFO">invoice</msg>
<status status="PASS" starttime="20221115 13:54:22.059" endtime="20221115 13:54:22.060"/>
</kw>
<kw name="Wait Until Element Is Visible" library="SeleniumLibrary">
<arg>//li[@value="${document_type}"]</arg>
<arg>5s</arg>
<doc>Waits until the element ``locator`` is visible.</doc>
<status status="PASS" starttime="20221115 13:54:22.060" endtime="20221115 13:54:22.173"/>
</kw>
<kw name="Click Element" library="SeleniumLibrary">
<arg>//li[@value="${document_type}"]</arg>
<doc>Click the element identified by ``locator``.</doc>
<msg timestamp="20221115 13:54:22.174" level="INFO">Clicking element '//li[@value="invoice"]'.</msg>
<status status="PASS" starttime="20221115 13:54:22.173" endtime="20221115 13:54:22.285"/>
</kw>
<status status="PASS" starttime="20221115 13:54:21.918" endtime="20221115 13:54:22.286"/>
</kw>
<kw name="Count the number of inbox feeds and list the document type" library="home_page">
<kw name="Get Element Count" library="SeleniumLibrary">
<var>${count}</var>
<arg>(//button[contains(@class,"omaposti-core__sc") and @lang="en"])</arg>
<doc>Returns the number of elements matching ``locator``.</doc>
<msg timestamp="20221115 13:54:22.379" level="INFO">${count} = 0</msg>
<status status="PASS" starttime="20221115 13:54:22.287" endtime="20221115 13:54:22.379"/>
</kw>
<kw name="Create List" library="BuiltIn">
<var>@{list_feed}</var>
<doc>Returns a list containing given items.</doc>
<msg timestamp="20221115 13:54:22.380" level="INFO">@{list_feed} = [ ]</msg>
<status status="PASS" starttime="20221115 13:54:22.379" endtime="20221115 13:54:22.380"/>
</kw>
<for flavor="IN RANGE">
<var>${i}</var>
<value>1</value>
<value>${count}+1</value>
<iter>
<var name="${i}"/>
<kw name="Get Text" library="SeleniumLibrary">
<var>${document_type}</var>
<arg>(//div[contains(@class,"omaposti-core__sc")]/span[text()="Shipment" or text()="Letter" or text()="Invoice"])</arg>
<doc>Returns the text value of the element identified by ``locator``.</doc>
<status status="NOT RUN" starttime="20221115 13:54:22.380" endtime="20221115 13:54:22.380"/>
</kw>
<kw name="Append To List" library="Collections">
<arg>${list_feed}</arg>
<arg>${document_type}</arg>
<doc>Adds ``values`` to the end of ``list``.</doc>
<status status="NOT RUN" starttime="20221115 13:54:22.380" endtime="20221115 13:54:22.380"/>
</kw>
<status status="NOT RUN" starttime="20221115 13:54:22.380" endtime="20221115 13:54:22.380"/>
</iter>
<status status="NOT RUN" starttime="20221115 13:54:22.380" endtime="20221115 13:54:22.380"/>
</for>
<kw name="Log" library="BuiltIn">
<arg>${list_feed}</arg>
<doc>Logs the given message with the given level.</doc>
<msg timestamp="20221115 13:54:22.381" level="INFO">[]</msg>
<status status="PASS" starttime="20221115 13:54:22.381" endtime="20221115 13:54:22.381"/>
</kw>
<kw name="Set Test Variable" library="BuiltIn">
<arg>${list_feed}</arg>
<doc>Makes a variable available everywhere within the scope of the current test.</doc>
<msg timestamp="20221115 13:54:22.381" level="INFO">${list_feed} = []</msg>
<status status="PASS" starttime="20221115 13:54:22.381" endtime="20221115 13:54:22.381"/>
</kw>
<status status="PASS" starttime="20221115 13:54:22.286" endtime="20221115 13:54:22.382"/>
</kw>
<kw name="Validate list_feed contains only the filtered type - Invoice" library="home_page">
<kw name="List Should Not Contain Value" library="Collections">
<arg>${list_feed}</arg>
<arg>Shipment</arg>
<doc>Fails if the ``value`` is found from ``list``.</doc>
<status status="PASS" starttime="20221115 13:54:22.383" endtime="20221115 13:54:22.383"/>
</kw>
<kw name="List Should Not Contain Value" library="Collections">
<arg>${list_feed}</arg>
<arg>Letter</arg>
<doc>Fails if the ``value`` is found from ``list``.</doc>
<status status="PASS" starttime="20221115 13:54:22.384" endtime="20221115 13:54:22.384"/>
</kw>
<status status="PASS" starttime="20221115 13:54:22.382" endtime="20221115 13:54:22.384"/>
</kw>
<status status="PASS" starttime="20221115 13:54:21.917" endtime="20221115 13:54:22.384"/>
</test>
<test id="s1-t5" name="TC_04_Validate archive any product from Inbox and send those back to inbox from archives" line="44">
<kw name="Select document_type from the list" library="home_page">
<arg>all</arg>
<kw name="Click Button" library="SeleniumLibrary">
<arg>//button[contains(@aria-label,"Show only")]</arg>
<doc>Clicks the button identified by ``locator``.</doc>
<msg timestamp="20221115 13:54:22.389" level="INFO">Clicking button '//button[contains(@aria-label,"Show only")]'.</msg>
<status status="PASS" starttime="20221115 13:54:22.388" endtime="20221115 13:54:22.511"/>
</kw>
<kw name="Log" library="BuiltIn">
<arg>${document_type}</arg>
<doc>Logs the given message with the given level.</doc>
<msg timestamp="20221115 13:54:22.511" level="INFO">all</msg>
<status status="PASS" starttime="20221115 13:54:22.511" endtime="20221115 13:54:22.512"/>
</kw>
<kw name="Wait Until Element Is Visible" library="SeleniumLibrary">
<arg>//li[@value="${document_type}"]</arg>
<arg>5s</arg>
<doc>Waits until the element ``locator`` is visible.</doc>
<status status="PASS" starttime="20221115 13:54:22.512" endtime="20221115 13:54:22.617"/>
</kw>
<kw name="Click Element" library="SeleniumLibrary">
<arg>//li[@value="${document_type}"]</arg>
<doc>Click the element identified by ``locator``.</doc>
<msg timestamp="20221115 13:54:22.618" level="INFO">Clicking element '//li[@value="all"]'.</msg>
<status status="PASS" starttime="20221115 13:54:22.617" endtime="20221115 13:54:22.786"/>
</kw>
<status status="PASS" starttime="20221115 13:54:22.387" endtime="20221115 13:54:22.786"/>
</kw>
<kw name="Select a document from inbox and send it to archive" library="home_page">
<arg>${feed_id}</arg>
<kw name="Set Test Variable" library="BuiltIn">
<arg>${feed_id}</arg>
<doc>Makes a variable available everywhere within the scope of the current test.</doc>
<msg timestamp="20221115 13:54:22.788" level="INFO">${feed_id} = JJFI234567892</msg>
<status status="PASS" starttime="20221115 13:54:22.788" endtime="20221115 13:54:22.788"/>
</kw>
<kw name="Click Element" library="SeleniumLibrary">
<arg>//div[contains(@class,"omaposti-core__sc")] /span[text()="${feed_id}"]</arg>
<doc>Click the element identified by ``locator``.</doc>
<msg timestamp="20221115 13:54:22.789" level="INFO">Clicking element '//div[contains(@class,"omaposti-core__sc")] /span[text()="JJFI234567892"]'.</msg>
<status status="PASS" starttime="20221115 13:54:22.788" endtime="20221115 13:54:23.193"/>
</kw>
<kw name="Sleep" library="BuiltIn">
<arg>1s</arg>
<doc>Pauses the test executed for the given time.</doc>
<msg timestamp="20221115 13:54:24.195" level="INFO">Slept 1 second</msg>
<status status="PASS" starttime="20221115 13:54:23.194" endtime="20221115 13:54:24.195"/>
</kw>
<kw name="Click Element" library="SeleniumLibrary">
<arg>//div[contains(@class,"omaposti-core__sc")] /span[text()="${feed_id}"]</arg>
<doc>Click the element identified by ``locator``.</doc>
<msg timestamp="20221115 13:54:24.196" level="INFO">Clicking element '//div[contains(@class,"omaposti-core__sc")] /span[text()="JJFI234567892"]'.</msg>
<status status="PASS" starttime="20221115 13:54:24.196" endtime="20221115 13:54:24.732"/>
</kw>
<kw name="Wait Until Element Is Visible" library="SeleniumLibrary">
<arg>(//button[@aria-haspopup='listbox'])[2]</arg>
<doc>Waits until the element ``locator`` is visible.</doc>
<status status="PASS" starttime="20221115 13:54:24.732" endtime="20221115 13:54:24.975"/>
</kw>
<kw name="Click Element" library="SeleniumLibrary">
<arg>(//button[@aria-haspopup='listbox'])[2]</arg>
<doc>Click the element identified by ``locator``.</doc>
<msg timestamp="20221115 13:54:24.975" level="INFO">Clicking element '(//button[@aria-haspopup='listbox'])[2]'.</msg>
<status status="PASS" starttime="20221115 13:54:24.975" endtime="20221115 13:54:25.096"/>
</kw>
<kw name="Wait Until Element Is Visible" library="SeleniumLibrary">
<arg>//p[text()="Archive"]</arg>
<doc>Waits until the element ``locator`` is visible.</doc>
<status status="PASS" starttime="20221115 13:54:25.096" endtime="20221115 13:54:25.354"/>
</kw>
<kw name="Click Element" library="SeleniumLibrary">
<arg>//p[text()="Archive"]</arg>
<doc>Click the element identified by ``locator``.</doc>
<msg timestamp="20221115 13:54:25.355" level="INFO">Clicking element '//p[text()="Archive"]'.</msg>
<status status="PASS" starttime="20221115 13:54:25.354" endtime="20221115 13:54:25.468"/>
</kw>
<kw name="Wait Until Element Is Not Visible" library="SeleniumLibrary">
<arg>//div[contains(@class,"omaposti-core__sc")] /span[text()="${feed_id}"]</arg>
<arg>5s</arg>
<doc>Waits until the element ``locator`` is not visible.</doc>
<status status="PASS" starttime="20221115 13:54:25.468" endtime="20221115 13:54:26.175"/>
</kw>
<kw name="Element Should Not Be Visible" library="SeleniumLibrary">
<arg>//div[contains(@class,"omaposti-core__sc")] /span[text()="${feed_id}"]</arg>
<doc>Verifies that the element identified by ``locator`` is NOT visible.</doc>
<msg timestamp="20221115 13:54:26.194" level="INFO">Element '//div[contains(@class,"omaposti-core__sc")] /span[text()="JJFI234567892"]' did not exist.</msg>
<status status="PASS" starttime="20221115 13:54:26.175" endtime="20221115 13:54:26.194"/>
</kw>
<status status="PASS" starttime="20221115 13:54:22.787" endtime="20221115 13:54:26.194"/>
</kw>
<kw name="Select a document from archive and send it back to inbox" library="home_page">
<arg>${feed_id}</arg>
<kw name="Click Element" library="SeleniumLibrary">
<arg>//div[text()="Archive"]</arg>
<doc>Click the element identified by ``locator``.</doc>
<msg timestamp="20221115 13:54:26.196" level="INFO">Clicking element '//div[text()="Archive"]'.</msg>
<status status="PASS" starttime="20221115 13:54:26.196" endtime="20221115 13:54:27.158"/>
</kw>
<kw name="Wait Until Element Is Visible" library="SeleniumLibrary">
<arg>//button[contains(@id,"${feed_id}")]</arg>
<doc>Waits until the element ``locator`` is visible.</doc>
<status status="PASS" starttime="20221115 13:54:27.158" endtime="20221115 13:54:27.471"/>
</kw>
<kw name="Click Element" library="SeleniumLibrary">
<arg>//button[contains(@id,"${feed_id}")]</arg>
<doc>Click the element identified by ``locator``.</doc>
<msg timestamp="20221115 13:54:27.472" level="INFO">Clicking element '//button[contains(@id,"JJFI234567892")]'.</msg>
<status status="PASS" starttime="20221115 13:54:27.471" endtime="20221115 13:54:27.584"/>
</kw>
<kw name="Sleep" library="BuiltIn">
<arg>1s</arg>
<doc>Pauses the test executed for the given time.</doc>
<msg timestamp="20221115 13:54:28.586" level="INFO">Slept 1 second</msg>
<status status="PASS" starttime="20221115 13:54:27.585" endtime="20221115 13:54:28.586"/>
</kw>
<kw name="Click Element" library="SeleniumLibrary">
<arg>//button[contains(@id,"${feed_id}")]</arg>
<doc>Click the element identified by ``locator``.</doc>
<msg timestamp="20221115 13:54:28.586" level="INFO">Clicking element '//button[contains(@id,"JJFI234567892")]'.</msg>
<status status="PASS" starttime="20221115 13:54:28.586" endtime="20221115 13:54:28.677"/>
</kw>
<kw name="Wait Until Element Is Visible" library="SeleniumLibrary">
<arg>(//button[@aria-haspopup='listbox'])[2]</arg>
<doc>Waits until the element ``locator`` is visible.</doc>
<status status="PASS" starttime="20221115 13:54:28.678" endtime="20221115 13:54:28.702"/>
</kw>
<kw name="Click Element" library="SeleniumLibrary">
<arg>(//button[@aria-haspopup='listbox'])[2]</arg>
<doc>Click the element identified by ``locator``.</doc>
<msg timestamp="20221115 13:54:28.703" level="INFO">Clicking element '(//button[@aria-haspopup='listbox'])[2]'.</msg>
<status status="PASS" starttime="20221115 13:54:28.702" endtime="20221115 13:54:28.763"/>
</kw>
<kw name="Wait Until Element Is Visible" library="SeleniumLibrary">
<arg>//p[text()="Move to inbox"]</arg>
<doc>Waits until the element ``locator`` is visible.</doc>
<status status="PASS" starttime="20221115 13:54:28.763" endtime="20221115 13:54:29.015"/>
</kw>
<kw name="Click Element" library="SeleniumLibrary">
<arg>//p[text()="Move to inbox"]</arg>
<doc>Click the element identified by ``locator``.</doc>
<msg timestamp="20221115 13:54:29.015" level="INFO">Clicking element '//p[text()="Move to inbox"]'.</msg>
<status status="PASS" starttime="20221115 13:54:29.015" endtime="20221115 13:54:29.088"/>
</kw>
<kw name="Sleep" library="BuiltIn">
<arg>5s</arg>
<doc>Pauses the test executed for the given time.</doc>
<msg timestamp="20221115 13:54:34.089" level="INFO">Slept 5 seconds</msg>
<status status="PASS" starttime="20221115 13:54:29.088" endtime="20221115 13:54:34.089"/>
</kw>
<kw name="Click Element" library="SeleniumLibrary">
<arg>id:label-mainMenuInbox</arg>
<doc>Click the element identified by ``locator``.</doc>
<msg timestamp="20221115 13:54:34.090" level="INFO">Clicking element 'id:label-mainMenuInbox'.</msg>
<status status="PASS" starttime="20221115 13:54:34.089" endtime="20221115 13:54:34.294"/>
</kw>
<status status="PASS" starttime="20221115 13:54:26.195" endtime="20221115 13:54:34.294"/>
</kw>
<kw name="Validate the items sent to archive and sent back to inbox from archives is same" library="home_page">
<kw name="Wait Until Element Is Visible" library="SeleniumLibrary">
<arg>//div[contains(@class,"omaposti-core__sc")] /span[text()="${feed_id}"]</arg>
<arg>5s</arg>
<doc>Waits until the element ``locator`` is visible.</doc>
<status status="PASS" starttime="20221115 13:54:34.296" endtime="20221115 13:54:34.577"/>
</kw>
<kw name="Element Should Be Visible" library="SeleniumLibrary">
<arg>//div[contains(@class,"omaposti-core__sc")] /span[text()="${feed_id}"]</arg>
<doc>Verifies that the element identified by ``locator`` is visible.</doc>
<msg timestamp="20221115 13:54:34.595" level="INFO">Element '//div[contains(@class,"omaposti-core__sc")] /span[text()="JJFI234567892"]' is displayed.</msg>
<status status="PASS" starttime="20221115 13:54:34.577" endtime="20221115 13:54:34.595"/>
</kw>
<status status="PASS" starttime="20221115 13:54:34.295" endtime="20221115 13:54:34.595"/>
</kw>
<status status="PASS" starttime="20221115 13:54:22.385" endtime="20221115 13:54:34.595"/>
</test>
<test id="s1-t6" name="TC_09_User should be able to access Archive folder and send items back to inbox" line="50">
<kw name="Run Keywords" library="BuiltIn" type="SETUP">
<arg>Select document_type from the list</arg>
<arg>all</arg>
<arg>AND</arg>
<arg>Select a document from inbox and send it to archive</arg>
<arg>${feed_id}</arg>
<doc>Executes all the given keywords in a sequence.</doc>
<kw name="Select document_type from the list" library="home_page">
<arg>all</arg>
<kw name="Click Button" library="SeleniumLibrary">
<arg>//button[contains(@aria-label,"Show only")]</arg>
<doc>Clicks the button identified by ``locator``.</doc>
<msg timestamp="20221115 13:54:34.599" level="INFO">Clicking button '//button[contains(@aria-label,"Show only")]'.</msg>
<status status="PASS" starttime="20221115 13:54:34.599" endtime="20221115 13:54:34.706"/>
</kw>
<kw name="Log" library="BuiltIn">
<arg>${document_type}</arg>
<doc>Logs the given message with the given level.</doc>
<msg timestamp="20221115 13:54:34.708" level="INFO">all</msg>
<status status="PASS" starttime="20221115 13:54:34.707" endtime="20221115 13:54:34.709"/>
</kw>
<kw name="Wait Until Element Is Visible" library="SeleniumLibrary">
<arg>//li[@value="${document_type}"]</arg>
<arg>5s</arg>
<doc>Waits until the element ``locator`` is visible.</doc>
<status status="PASS" starttime="20221115 13:54:34.709" endtime="20221115 13:54:34.819"/>
</kw>
<kw name="Click Element" library="SeleniumLibrary">
<arg>//li[@value="${document_type}"]</arg>
<doc>Click the element identified by ``locator``.</doc>
<msg timestamp="20221115 13:54:34.820" level="INFO">Clicking element '//li[@value="all"]'.</msg>
<status status="PASS" starttime="20221115 13:54:34.820" endtime="20221115 13:54:34.926"/>
</kw>
<status status="PASS" starttime="20221115 13:54:34.598" endtime="20221115 13:54:34.926"/>
</kw>
<kw name="Select a document from inbox and send it to archive" library="home_page">
<arg>${feed_id}</arg>
<kw name="Set Test Variable" library="BuiltIn">
<arg>${feed_id}</arg>
<doc>Makes a variable available everywhere within the scope of the current test.</doc>
<msg timestamp="20221115 13:54:34.932" level="INFO">${feed_id} = JJFI234567892</msg>
<status status="PASS" starttime="20221115 13:54:34.929" endtime="20221115 13:54:34.932"/>
</kw>
<kw name="Click Element" library="SeleniumLibrary">
<arg>//div[contains(@class,"omaposti-core__sc")] /span[text()="${feed_id}"]</arg>
<doc>Click the element identified by ``locator``.</doc>
<msg timestamp="20221115 13:54:34.933" level="INFO">Clicking element '//div[contains(@class,"omaposti-core__sc")] /span[text()="JJFI234567892"]'.</msg>
<status status="PASS" starttime="20221115 13:54:34.933" endtime="20221115 13:54:35.318"/>
</kw>
<kw name="Sleep" library="BuiltIn">
<arg>1s</arg>
<doc>Pauses the test executed for the given time.</doc>
<msg timestamp="20221115 13:54:36.319" level="INFO">Slept 1 second</msg>
<status status="PASS" starttime="20221115 13:54:35.318" endtime="20221115 13:54:36.319"/>
</kw>
<kw name="Click Element" library="SeleniumLibrary">
<arg>//div[contains(@class,"omaposti-core__sc")] /span[text()="${feed_id}"]</arg>
<doc>Click the element identified by ``locator``.</doc>
<msg timestamp="20221115 13:54:36.320" level="INFO">Clicking element '//div[contains(@class,"omaposti-core__sc")] /span[text()="JJFI234567892"]'.</msg>
<status status="PASS" starttime="20221115 13:54:36.319" endtime="20221115 13:54:36.384"/>
</kw>
<kw name="Wait Until Element Is Visible" library="SeleniumLibrary">
<arg>(//button[@aria-haspopup='listbox'])[2]</arg>
<doc>Waits until the element ``locator`` is visible.</doc>
<status status="PASS" starttime="20221115 13:54:36.385" endtime="20221115 13:54:36.411"/>
</kw>
<kw name="Click Element" library="SeleniumLibrary">
<arg>(//button[@aria-haspopup='listbox'])[2]</arg>
<doc>Click the element identified by ``locator``.</doc>
<msg timestamp="20221115 13:54:36.412" level="INFO">Clicking element '(//button[@aria-haspopup='listbox'])[2]'.</msg>
<status status="PASS" starttime="20221115 13:54:36.412" endtime="20221115 13:54:36.494"/>
</kw>
<kw name="Wait Until Element Is Visible" library="SeleniumLibrary">
<arg>//p[text()="Archive"]</arg>
<doc>Waits until the element ``locator`` is visible.</doc>
<status status="PASS" starttime="20221115 13:54:36.496" endtime="20221115 13:54:36.779"/>
</kw>
<kw name="Click Element" library="SeleniumLibrary">
<arg>//p[text()="Archive"]</arg>
<doc>Click the element identified by ``locator``.</doc>
<msg timestamp="20221115 13:54:36.781" level="INFO">Clicking element '//p[text()="Archive"]'.</msg>
<status status="PASS" starttime="20221115 13:54:36.780" endtime="20221115 13:54:36.937"/>
</kw>
<kw name="Wait Until Element Is Not Visible" library="SeleniumLibrary">
<arg>//div[contains(@class,"omaposti-core__sc")] /span[text()="${feed_id}"]</arg>
<arg>5s</arg>
<doc>Waits until the element ``locator`` is not visible.</doc>
<status status="PASS" starttime="20221115 13:54:36.938" endtime="20221115 13:54:37.666"/>
</kw>
<kw name="Element Should Not Be Visible" library="SeleniumLibrary">
<arg>//div[contains(@class,"omaposti-core__sc")] /span[text()="${feed_id}"]</arg>
<doc>Verifies that the element identified by ``locator`` is NOT visible.</doc>
<msg timestamp="20221115 13:54:37.681" level="INFO">Element '//div[contains(@class,"omaposti-core__sc")] /span[text()="JJFI234567892"]' did not exist.</msg>
<status status="PASS" starttime="20221115 13:54:37.666" endtime="20221115 13:54:37.681"/>
</kw>
<status status="PASS" starttime="20221115 13:54:34.927" endtime="20221115 13:54:37.681"/>
</kw>
<status status="PASS" starttime="20221115 13:54:34.597" endtime="20221115 13:54:37.682"/>
</kw>
<kw name="Select a document from archive and send it back to inbox" library="home_page">
<arg>${feed_id}</arg>
<kw name="Click Element" library="SeleniumLibrary">
<arg>//div[text()="Archive"]</arg>
<doc>Click the element identified by ``locator``.</doc>
<msg timestamp="20221115 13:54:37.683" level="INFO">Clicking element '//div[text()="Archive"]'.</msg>
<status status="PASS" starttime="20221115 13:54:37.683" endtime="20221115 13:54:37.927"/>
</kw>
<kw name="Wait Until Element Is Visible" library="SeleniumLibrary">
<arg>//button[contains(@id,"${feed_id}")]</arg>
<doc>Waits until the element ``locator`` is visible.</doc>
<status status="PASS" starttime="20221115 13:54:37.928" endtime="20221115 13:54:38.181"/>
</kw>
<kw name="Click Element" library="SeleniumLibrary">
<arg>//button[contains(@id,"${feed_id}")]</arg>
<doc>Click the element identified by ``locator``.</doc>
<msg timestamp="20221115 13:54:38.181" level="INFO">Clicking element '//button[contains(@id,"JJFI234567892")]'.</msg>
<status status="PASS" starttime="20221115 13:54:38.181" endtime="20221115 13:54:38.288"/>
</kw>
<kw name="Sleep" library="BuiltIn">
<arg>1s</arg>
<doc>Pauses the test executed for the given time.</doc>
<msg timestamp="20221115 13:54:39.289" level="INFO">Slept 1 second</msg>
<status status="PASS" starttime="20221115 13:54:38.289" endtime="20221115 13:54:39.289"/>
</kw>
<kw name="Click Element" library="SeleniumLibrary">
<arg>//button[contains(@id,"${feed_id}")]</arg>
<doc>Click the element identified by ``locator``.</doc>
<msg timestamp="20221115 13:54:39.290" level="INFO">Clicking element '//button[contains(@id,"JJFI234567892")]'.</msg>
<status status="PASS" starttime="20221115 13:54:39.290" endtime="20221115 13:54:39.355"/>
</kw>
<kw name="Wait Until Element Is Visible" library="SeleniumLibrary">
<arg>(//button[@aria-haspopup='listbox'])[2]</arg>
<doc>Waits until the element ``locator`` is visible.</doc>
<status status="PASS" starttime="20221115 13:54:39.357" endtime="20221115 13:54:39.384"/>
</kw>
<kw name="Click Element" library="SeleniumLibrary">
<arg>(//button[@aria-haspopup='listbox'])[2]</arg>
<doc>Click the element identified by ``locator``.</doc>
<msg timestamp="20221115 13:54:39.384" level="INFO">Clicking element '(//button[@aria-haspopup='listbox'])[2]'.</msg>
<status status="PASS" starttime="20221115 13:54:39.384" endtime="20221115 13:54:39.447"/>
</kw>
<kw name="Wait Until Element Is Visible" library="SeleniumLibrary">
<arg>//p[text()="Move to inbox"]</arg>
<doc>Waits until the element ``locator`` is visible.</doc>
<status status="PASS" starttime="20221115 13:54:39.447" endtime="20221115 13:54:39.729"/>
</kw>
<kw name="Click Element" library="SeleniumLibrary">
<arg>//p[text()="Move to inbox"]</arg>
<doc>Click the element identified by ``locator``.</doc>
<msg timestamp="20221115 13:54:39.731" level="INFO">Clicking element '//p[text()="Move to inbox"]'.</msg>
<status status="PASS" starttime="20221115 13:54:39.730" endtime="20221115 13:54:39.817"/>
</kw>
<kw name="Sleep" library="BuiltIn">
<arg>5s</arg>
<doc>Pauses the test executed for the given time.</doc>
<msg timestamp="20221115 13:54:44.817" level="INFO">Slept 5 seconds</msg>
<status status="PASS" starttime="20221115 13:54:39.817" endtime="20221115 13:54:44.818"/>
</kw>
<kw name="Click Element" library="SeleniumLibrary">
<arg>id:label-mainMenuInbox</arg>
<doc>Click the element identified by ``locator``.</doc>
<msg timestamp="20221115 13:54:44.819" level="INFO">Clicking element 'id:label-mainMenuInbox'.</msg>
<status status="PASS" starttime="20221115 13:54:44.818" endtime="20221115 13:54:45.041"/>
</kw>
<status status="PASS" starttime="20221115 13:54:37.682" endtime="20221115 13:54:45.041"/>
</kw>
<kw name="Validate the items sent to archive and sent back to inbox from archives is same" library="home_page">
<kw name="Wait Until Element Is Visible" library="SeleniumLibrary">
<arg>//div[contains(@class,"omaposti-core__sc")] /span[text()="${feed_id}"]</arg>
<arg>5s</arg>
<doc>Waits until the element ``locator`` is visible.</doc>
<status status="PASS" starttime="20221115 13:54:45.042" endtime="20221115 13:54:45.351"/>
</kw>
<kw name="Element Should Be Visible" library="SeleniumLibrary">
<arg>//div[contains(@class,"omaposti-core__sc")] /span[text()="${feed_id}"]</arg>
<doc>Verifies that the element identified by ``locator`` is visible.</doc>
<msg timestamp="20221115 13:54:45.375" level="INFO">Element '//div[contains(@class,"omaposti-core__sc")] /span[text()="JJFI234567892"]' is displayed.</msg>
<status status="PASS" starttime="20221115 13:54:45.351" endtime="20221115 13:54:45.375"/>
</kw>
<status status="PASS" starttime="20221115 13:54:45.042" endtime="20221115 13:54:45.375"/>
</kw>
<status status="PASS" starttime="20221115 13:54:34.596" endtime="20221115 13:54:45.376"/>
</test>
<test id="s1-t7" name="TC_05_Validate Click on track to add JJFI234567893 to the tracking and it should be immediately visible on feed" line="56">
<kw name="Click on track and enter shipment_id" library="home_page">
<arg>${shipment_id}</arg>
<kw name="Click Element" library="SeleniumLibrary">
<arg>//button[@aria-label="Track item"]</arg>
<doc>Click the element identified by ``locator``.</doc>
<msg timestamp="20221115 13:54:45.379" level="INFO">Clicking element '//button[@aria-label="Track item"]'.</msg>
<status status="PASS" starttime="20221115 13:54:45.378" endtime="20221115 13:54:45.606"/>
</kw>
<kw name="Wait Until Element Is Visible" library="SeleniumLibrary">
<arg>id:add-parcel-tracking-code</arg>
<arg>5s</arg>
<doc>Waits until the element ``locator`` is visible.</doc>
<status status="PASS" starttime="20221115 13:54:45.606" endtime="20221115 13:54:46.009"/>
</kw>
<kw name="Input Text" library="SeleniumLibrary">
<arg>id:add-parcel-tracking-code</arg>
<arg>${shipment_id}</arg>
<doc>Types the given ``text`` into the text field identified by ``locator``.</doc>
<msg timestamp="20221115 13:54:46.012" level="INFO">Typing text 'JJFI234567898' into text field 'id:add-parcel-tracking-code'.</msg>
<status status="PASS" starttime="20221115 13:54:46.010" endtime="20221115 13:54:46.504"/>
</kw>
<kw name="Click Element" library="SeleniumLibrary">
<arg>//button/span/span[text()="Track item"]</arg>
<doc>Click the element identified by ``locator``.</doc>
<msg timestamp="20221115 13:54:46.504" level="INFO">Clicking element '//button/span/span[text()="Track item"]'.</msg>
<status status="PASS" starttime="20221115 13:54:46.504" endtime="20221115 13:54:46.662"/>
</kw>
<status status="PASS" starttime="20221115 13:54:45.378" endtime="20221115 13:54:46.662"/>
</kw>
<kw name="Validate addition of shipment_id in feed" library="home_page">
<arg>${shipment_id}</arg>
<kw name="Wait Until Element Is Visible" library="SeleniumLibrary">
<arg>//div[contains(@class,"omaposti-core__sc")] /span[text()="${shipment_id}"]</arg>
<arg>5s</arg>
<doc>Waits until the element ``locator`` is visible.</doc>
<status status="PASS" starttime="20221115 13:54:46.664" endtime="20221115 13:54:47.443"/>
</kw>
<kw name="Element Should Be Visible" library="SeleniumLibrary">
<arg>//div[contains(@class,"omaposti-core__sc")] /span[text()="${shipment_id}"]</arg>
<doc>Verifies that the element identified by ``locator`` is visible.</doc>
<msg timestamp="20221115 13:54:47.586" level="INFO">Element '//div[contains(@class,"omaposti-core__sc")] /span[text()="JJFI234567898"]' is displayed.</msg>
<status status="PASS" starttime="20221115 13:54:47.444" endtime="20221115 13:54:47.586"/>
</kw>
<status status="PASS" starttime="20221115 13:54:46.663" endtime="20221115 13:54:47.586"/>
</kw>
<status status="PASS" starttime="20221115 13:54:45.377" endtime="20221115 13:54:47.586"/>
</test>
<test id="s1-t8" name="TC_07_Deleted shipment Letters or Invoices should not be visible and retrievable" line="61">
<kw name="Select document from feed and delete the document" library="home_page">
<arg>${shipment_id}</arg>
<kw name="Click Element" library="SeleniumLibrary">
<arg>//div[contains(@class,"omaposti-core__sc")] /span[text()="${feed_id}"]</arg>
<doc>Click the element identified by ``locator``.</doc>
<msg timestamp="20221115 13:54:47.598" level="INFO">Clicking element '//div[contains(@class,"omaposti-core__sc")] /span[text()="JJFI234567898"]'.</msg>
<status status="PASS" starttime="20221115 13:54:47.597" endtime="20221115 13:54:48.015"/>
</kw>
<kw name="Wait Until Element Is Visible" library="SeleniumLibrary">
<arg>(//button[@aria-haspopup='listbox'])[2]</arg>
<doc>Waits until the element ``locator`` is visible.</doc>
<status status="PASS" starttime="20221115 13:54:48.016" endtime="20221115 13:54:48.131"/>
</kw>
<kw name="Click Element" library="SeleniumLibrary">
<arg>(//button[@aria-haspopup='listbox'])[2]</arg>
<doc>Click the element identified by ``locator``.</doc>
<msg timestamp="20221115 13:54:48.132" level="INFO">Clicking element '(//button[@aria-haspopup='listbox'])[2]'.</msg>
<status status="PASS" starttime="20221115 13:54:48.131" endtime="20221115 13:54:48.214"/>
</kw>
<kw name="Wait Until Element Is Visible" library="SeleniumLibrary">
<arg>//p[text()="Delete"]</arg>
<doc>Waits until the element ``locator`` is visible.</doc>
<status status="PASS" starttime="20221115 13:54:48.214" endtime="20221115 13:54:48.474"/>
</kw>
<kw name="Click Element" library="SeleniumLibrary">
<arg>//p[text()="Delete"]</arg>
<doc>Click the element identified by ``locator``.</doc>
<msg timestamp="20221115 13:54:48.475" level="INFO">Clicking element '//p[text()="Delete"]'.</msg>
<status status="PASS" starttime="20221115 13:54:48.475" endtime="20221115 13:54:48.623"/>
</kw>
<kw name="Wait Until Element Is Visible" library="SeleniumLibrary">
<arg>id:delete-button</arg>
<arg>5s</arg>
<doc>Waits until the element ``locator`` is visible.</doc>
<status status="PASS" starttime="20221115 13:54:48.625" endtime="20221115 13:54:48.668"/>
</kw>
<kw name="Click Element" library="SeleniumLibrary">
<arg>id:delete-button</arg>
<doc>Click the element identified by ``locator``.</doc>
<msg timestamp="20221115 13:54:48.668" level="INFO">Clicking element 'id:delete-button'.</msg>
<status status="PASS" starttime="20221115 13:54:48.668" endtime="20221115 13:54:48.774"/>
</kw>
<status status="PASS" starttime="20221115 13:54:47.596" endtime="20221115 13:54:48.775"/>
</kw>
<kw name="Validate deleted shipment_id is not visible in feed" library="home_page">
<arg>${shipment_id}</arg>
<kw name="Wait Until Element Is Not Visible" library="SeleniumLibrary">
<arg>//div[contains(@class,"omaposti-core__sc")] /span[text()="${deleted_id}"]</arg>
<arg>5s</arg>
<doc>Waits until the element ``locator`` is not visible.</doc>
<status status="PASS" starttime="20221115 13:54:48.777" endtime="20221115 13:54:49.443"/>
</kw>
<kw name="Element Should Not Be Visible" library="SeleniumLibrary">
<arg>//div[contains(@class,"omaposti-core__sc")] /span[text()="${deleted_id}"]</arg>
<doc>Verifies that the element identified by ``locator`` is NOT visible.</doc>
<msg timestamp="20221115 13:54:49.466" level="INFO">Element '//div[contains(@class,"omaposti-core__sc")] /span[text()="JJFI234567898"]' did not exist.</msg>
<status status="PASS" starttime="20221115 13:54:49.443" endtime="20221115 13:54:49.466"/>
</kw>
<status status="PASS" starttime="20221115 13:54:48.776" endtime="20221115 13:54:49.467"/>
</kw>
<status status="PASS" starttime="20221115 13:54:47.593" endtime="20221115 13:54:49.469"/>
</test>
<test id="s1-t9" name="TC_08_User should be able to edit multiple items using edit option and selecting the item to be edited" line="65">
<kw name="Select multiple items using edit and Send selected items to archive" library="home_page">
<arg>${item_id_1}</arg>
<arg>${item_id_2}</arg>
<kw name="Wait Until Element Is Visible" library="SeleniumLibrary">
<arg>id:feedHeaderEditButton</arg>
<arg>10s</arg>
<doc>Waits until the element ``locator`` is visible.</doc>
<status status="PASS" starttime="20221115 13:54:49.508" endtime="20221115 13:54:49.688"/>
</kw>
<kw name="Click Element" library="SeleniumLibrary">
<arg>id:feedHeaderEditButton</arg>
<doc>Click the element identified by ``locator``.</doc>
<msg timestamp="20221115 13:54:49.689" level="INFO">Clicking element 'id:feedHeaderEditButton'.</msg>
<status status="PASS" starttime="20221115 13:54:49.689" endtime="20221115 13:54:49.873"/>
</kw>
<kw name="Click Element" library="SeleniumLibrary">
<arg>//div[contains(@class,"omaposti-core__sc")] /span[text()="${item_id_1}"]</arg>
<doc>Click the element identified by ``locator``.</doc>
<msg timestamp="20221115 13:54:49.874" level="INFO">Clicking element '//div[contains(@class,"omaposti-core__sc")] /span[text()="JJFI234567891"]'.</msg>
<status status="PASS" starttime="20221115 13:54:49.874" endtime="20221115 13:54:50.256"/>
</kw>
<kw name="Click Element" library="SeleniumLibrary">
<arg>//div[contains(@class,"omaposti-core__sc")] /span[text()="${item_id_2}"]</arg>
<doc>Click the element identified by ``locator``.</doc>
<msg timestamp="20221115 13:54:50.257" level="INFO">Clicking element '//div[contains(@class,"omaposti-core__sc")] /span[text()="JJFI234567890"]'.</msg>
<status status="PASS" starttime="20221115 13:54:50.256" endtime="20221115 13:54:50.604"/>
</kw>
<kw name="Click Element" library="SeleniumLibrary">
<arg>id:feedEditActionsPanelArchiveButton</arg>
<doc>Click the element identified by ``locator``.</doc>
<msg timestamp="20221115 13:54:50.604" level="INFO">Clicking element 'id:feedEditActionsPanelArchiveButton'.</msg>
<status status="PASS" starttime="20221115 13:54:50.604" endtime="20221115 13:54:50.801"/>
</kw>
<status status="PASS" starttime="20221115 13:54:49.504" endtime="20221115 13:54:50.802"/>
</kw>
<kw name="Validate selected items are in archive folder" library="home_page">
<arg>${item_id_1}</arg>
<arg>${item_id_2}</arg>
<kw name="Click Element" library="SeleniumLibrary">
<arg>//div[text()="Archive"]</arg>
<doc>Click the element identified by ``locator``.</doc>
<msg timestamp="20221115 13:54:50.804" level="INFO">Clicking element '//div[text()="Archive"]'.</msg>
<status status="PASS" starttime="20221115 13:54:50.803" endtime="20221115 13:54:50.987"/>
</kw>
<kw name="Wait Until Element Is Visible" library="SeleniumLibrary">
<arg>//div[contains(@class,"omaposti-core__sc")] /span[text()="${item_id_1}"]</arg>
<arg>5s</arg>
<doc>Waits until the element ``locator`` is visible.</doc>
<status status="PASS" starttime="20221115 13:54:50.987" endtime="20221115 13:54:51.298"/>
</kw>
<kw name="Element Should Be Visible" library="SeleniumLibrary">
<arg>//div[contains(@class,"omaposti-core__sc")] /span[text()="${item_id_1}"]</arg>
<doc>Verifies that the element identified by ``locator`` is visible.</doc>
<msg timestamp="20221115 13:54:51.330" level="INFO">Element '//div[contains(@class,"omaposti-core__sc")] /span[text()="JJFI234567891"]' is displayed.</msg>
<status status="PASS" starttime="20221115 13:54:51.298" endtime="20221115 13:54:51.330"/>
</kw>
<kw name="Element Should Be Visible" library="SeleniumLibrary">
<arg>//div[contains(@class,"omaposti-core__sc")] /span[text()="${item_id_2}"]</arg>
<doc>Verifies that the element identified by ``locator`` is visible.</doc>
<msg timestamp="20221115 13:54:51.382" level="INFO">Element '//div[contains(@class,"omaposti-core__sc")] /span[text()="JJFI234567890"]' is displayed.</msg>
<status status="PASS" starttime="20221115 13:54:51.331" endtime="20221115 13:54:51.383"/>
</kw>
<status status="PASS" starttime="20221115 13:54:50.802" endtime="20221115 13:54:51.383"/>
</kw>
<kw name="Send selected items back to inbox from archive" library="home_page" type="TEARDOWN">
<arg>${item_id_1}</arg>
<arg>${item_id_2}</arg>
<kw name="Wait Until Element Is Visible" library="SeleniumLibrary">
<arg>//button[contains(@id,"${item_id_1}")]</arg>
<doc>Waits until the element ``locator`` is visible.</doc>
<status status="PASS" starttime="20221115 13:54:51.386" endtime="20221115 13:54:51.487"/>
</kw>
<kw name="Click Element" library="SeleniumLibrary">
<arg>id:feedHeaderEditButton</arg>
<doc>Click the element identified by ``locator``.</doc>
<msg timestamp="20221115 13:54:51.488" level="INFO">Clicking element 'id:feedHeaderEditButton'.</msg>
<status status="PASS" starttime="20221115 13:54:51.488" endtime="20221115 13:54:51.610"/>
</kw>
<kw name="Click Element" library="SeleniumLibrary">
<arg>//div[contains(@class,"omaposti-core__sc")] /span[text()="${item_id_1}"]</arg>
<doc>Click the element identified by ``locator``.</doc>
<msg timestamp="20221115 13:54:51.614" level="INFO">Clicking element '//div[contains(@class,"omaposti-core__sc")] /span[text()="JJFI234567891"]'.</msg>
<status status="PASS" starttime="20221115 13:54:51.611" endtime="20221115 13:54:51.765"/>
</kw>
<kw name="Click Element" library="SeleniumLibrary">
<arg>//div[contains(@class,"omaposti-core__sc")] /span[text()="${item_id_2}"]</arg>
<doc>Click the element identified by ``locator``.</doc>
<msg timestamp="20221115 13:54:51.766" level="INFO">Clicking element '//div[contains(@class,"omaposti-core__sc")] /span[text()="JJFI234567890"]'.</msg>
<status status="PASS" starttime="20221115 13:54:51.766" endtime="20221115 13:54:51.917"/>
</kw>
<kw name="Click Element" library="SeleniumLibrary">
<arg>id:feedEditActionsPanelArchiveButton</arg>
<doc>Click the element identified by ``locator``.</doc>
<msg timestamp="20221115 13:54:51.917" level="INFO">Clicking element 'id:feedEditActionsPanelArchiveButton'.</msg>
<status status="PASS" starttime="20221115 13:54:51.917" endtime="20221115 13:54:52.106"/>
</kw>
<kw name="Sleep" library="BuiltIn">
<arg>5s</arg>
<doc>Pauses the test executed for the given time.</doc>
<msg timestamp="20221115 13:54:57.109" level="INFO">Slept 5 seconds</msg>
<status status="PASS" starttime="20221115 13:54:52.107" endtime="20221115 13:54:57.109"/>
</kw>
<kw name="Click Element" library="SeleniumLibrary">
<arg>id:label-mainMenuInbox</arg>
<doc>Click the element identified by ``locator``.</doc>
<msg timestamp="20221115 13:54:57.110" level="INFO">Clicking element 'id:label-mainMenuInbox'.</msg>
<status status="PASS" starttime="20221115 13:54:57.109" endtime="20221115 13:54:57.348"/>
</kw>
<status status="PASS" starttime="20221115 13:54:51.384" endtime="20221115 13:54:57.348"/>
</kw>
<status status="PASS" starttime="20221115 13:54:49.483" endtime="20221115 13:54:57.348"/>
</test>
<test id="s1-t10" name="TC_10_User should be able to find out and set nearest Posti Pickup point using the Zip code" line="70">
<kw name="Navigate to the pickup point setting" library="home_page">
<kw name="Click Element" library="SeleniumLibrary">
<arg>id:label-mainMenuSettings</arg>
<doc>Click the element identified by ``locator``.</doc>
<msg timestamp="20221115 13:54:57.377" level="INFO">Clicking element 'id:label-mainMenuSettings'.</msg>
<status status="PASS" starttime="20221115 13:54:57.377" endtime="20221115 13:54:57.611"/>
</kw>
<kw name="Wait Until Element Is Visible" library="SeleniumLibrary">
<arg>id:label-lowerMenuSettingsMyPickUpPoint</arg>
<arg>5s</arg>
<doc>Waits until the element ``locator`` is visible.</doc>
<status status="PASS" starttime="20221115 13:54:57.612" endtime="20221115 13:54:57.804"/>
</kw>
<kw name="Click Element" library="SeleniumLibrary">
<arg>id:label-lowerMenuSettingsMyPickUpPoint</arg>
<doc>Click the element identified by ``locator``.</doc>
<msg timestamp="20221115 13:54:57.805" level="INFO">Clicking element 'id:label-lowerMenuSettingsMyPickUpPoint'.</msg>
<status status="PASS" starttime="20221115 13:54:57.805" endtime="20221115 13:54:58.544"/>
</kw>
<kw name="Wait Until Element Is Visible" library="SeleniumLibrary">
<arg>//h4[text()='My pickup point']</arg>
<arg>5s</arg>
<doc>Waits until the element ``locator`` is visible.</doc>
<status status="PASS" starttime="20221115 13:54:58.544" endtime="20221115 13:54:58.834"/>
</kw>
<status status="PASS" starttime="20221115 13:54:57.376" endtime="20221115 13:54:58.834"/>
</kw>
<kw name="Enter the pickup point zip code and enable the pickup point" library="home_page">
<arg>${zip_code}</arg>
<kw name="Click Element" library="SeleniumLibrary">
<arg>//button/span/span[text()='CHANGE']</arg>
<doc>Click the element identified by ``locator``.</doc>
<msg timestamp="20221115 13:54:58.836" level="INFO">Clicking element '//button/span/span[text()='CHANGE']'.</msg>
<status status="PASS" starttime="20221115 13:54:58.836" endtime="20221115 13:54:59.040"/>
</kw>
<kw name="Wait Until Element Is Visible" library="SeleniumLibrary">
<arg>//input[@placeholder='Enter postal code or address']</arg>
<arg>5s</arg>
<doc>Waits until the element ``locator`` is visible.</doc>
<status status="PASS" starttime="20221115 13:54:59.041" endtime="20221115 13:54:59.127"/>
</kw>
<kw name="Input Text" library="SeleniumLibrary">
<arg>//input[@placeholder='Enter postal code or address']</arg>
<arg>${zip_code}</arg>
<doc>Types the given ``text`` into the text field identified by ``locator``.</doc>
<msg timestamp="20221115 13:54:59.128" level="INFO">Typing text '05800' into text field '//input[@placeholder='Enter postal code or address']'.</msg>
<status status="PASS" starttime="20221115 13:54:59.127" endtime="20221115 13:54:59.415"/>
</kw>
<kw name="Sleep" library="BuiltIn">
<arg>3s</arg>
<doc>Pauses the test executed for the given time.</doc>
<msg timestamp="20221115 13:55:02.416" level="INFO">Slept 3 seconds</msg>
<status status="PASS" starttime="20221115 13:54:59.416" endtime="20221115 13:55:02.416"/>
</kw>
<kw name="Click Element" library="SeleniumLibrary">
<arg>//h4[text()='Posti, K-Citymarket Hyvinkää']</arg>
<doc>Click the element identified by ``locator``.</doc>
<msg timestamp="20221115 13:55:02.417" level="INFO">Clicking element '//h4[text()='Posti, K-Citymarket Hyvinkää']'.</msg>
<status status="PASS" starttime="20221115 13:55:02.416" endtime="20221115 13:55:02.501"/>
</kw>
<status status="PASS" starttime="20221115 13:54:58.835" endtime="20221115 13:55:02.501"/>
</kw>
<kw name="Validate the selected pickup point is enabled" library="home_page">
<kw name="Sleep" library="BuiltIn">
<arg>5s</arg>
<doc>Pauses the test executed for the given time.</doc>
<msg timestamp="20221115 13:55:07.504" level="INFO">Slept 5 seconds</msg>
<status status="PASS" starttime="20221115 13:55:02.503" endtime="20221115 13:55:07.504"/>
</kw>
<kw name="Wait Until Element Is Visible" library="SeleniumLibrary">
<arg>(//h4[text()='Posti, K-Citymarket Hyvinkää'])[2]</arg>
<arg>10s</arg>
<doc>Waits until the element ``locator`` is visible.</doc>
<status status="PASS" starttime="20221115 13:55:07.504" endtime="20221115 13:55:07.532"/>
</kw>
<kw name="Scroll Element Into View" library="SeleniumLibrary">
<arg>(//h4[text()='Posti, K-Citymarket Hyvinkää'])[2]</arg>
<doc>Scrolls the element identified by ``locator`` into view.</doc>
<status status="PASS" starttime="20221115 13:55:07.532" endtime="20221115 13:55:07.805"/>
</kw>
<kw name="Element Should Be Visible" library="SeleniumLibrary">
<arg>(//h4[text()='Posti, K-Citymarket Hyvinkää'])[2]</arg>
<doc>Verifies that the element identified by ``locator`` is visible.</doc>
<msg timestamp="20221115 13:55:07.855" level="INFO">Element '(//h4[text()='Posti, K-Citymarket Hyvinkää'])[2]' is displayed.</msg>
<status status="PASS" starttime="20221115 13:55:07.806" endtime="20221115 13:55:07.855"/>
</kw>
<kw name="Scroll Element Into View" library="SeleniumLibrary">
<arg>//input[@type='checkbox' and @aria-disabled='false']</arg>
<doc>Scrolls the element identified by ``locator`` into view.</doc>
<status status="PASS" starttime="20221115 13:55:07.855" endtime="20221115 13:55:08.172"/>
</kw>
<kw name="Capture Page Screenshot" library="SeleniumLibrary">
<doc>Takes a screenshot of the current page and embeds it into a log file.</doc>
<msg timestamp="20221115 13:55:08.359" level="INFO" html="true">&lt;/td&gt;&lt;/tr&gt;&lt;tr&gt;&lt;td colspan="3"&gt;&lt;a href="selenium-screenshot-49.png"&gt;&lt;img src="selenium-screenshot-49.png" width="800px"&gt;&lt;/a&gt;</msg>
<status status="PASS" starttime="20221115 13:55:08.173" endtime="20221115 13:55:08.359"/>
</kw>
<status status="PASS" starttime="20221115 13:55:02.502" endtime="20221115 13:55:08.359"/>
</kw>
<status status="PASS" starttime="20221115 13:54:57.372" endtime="20221115 13:55:08.359"/>
</test>
<status status="PASS" starttime="20221115 13:53:48.036" endtime="20221115 13:55:08.361"/>
</suite>
<statistics>
<total>
<stat pass="10" fail="0" skip="0">All Tests</stat>
</total>
<tag>
</tag>
<suite>
<stat pass="10" fail="0" skip="0" id="s1" name="Homepage Test">Homepage Test</stat>
</suite>
</statistics>
<errors>
</errors>
</robot>
